#
# A fatal error has been detected by the Java Runtime Environment:
#
#  EXCEPTION_ACCESS_VIOLATION (0xc0000005) at pc=0x00007ffbd97be341, pid=2872, tid=5248
#
# JRE version: OpenJDK Runtime Environment (14.0.2+12) (build 14.0.2+12-46)
# Java VM: OpenJDK 64-Bit Server VM (14.0.2+12-46, mixed mode, tiered, compressed oops, g1 gc, windows-amd64)
# Problematic frame:
# C  [ntdll.dll+0x1e341]
#
# No core dump will be written. Minidumps are not enabled by default on client versions of Windows
#
# If you would like to submit a bug report, please visit:
#   https://bugreport.java.com/bugreport/crash.jsp
# The crash happened outside the Java Virtual Machine in native code.
# See problematic frame for where to report the bug.
#

---------------  S U M M A R Y ------------

Command Line: -Dfile.encoding=Cp1252 -XX:+ShowCodeDetailsInExceptionMessages com.sunsigne.rebeccasreleasing.toclean.rebuild.onlyconductortorebuild.Game

Host: Intel(R) Core(TM) i5-10400F CPU @ 2.90GHz, 12 cores, 15G,  Windows 10 , 64 bit Build 18362 (10.0.18362.1316)
Time: Fri Jan 22 11:12:24 2021 Paris, Madrid elapsed time: 2 seconds (0d 0h 0m 2s)

---------------  T H R E A D  ---------------

Current thread (0x00000196223e0800):  JavaThread "Rebecca's Releasing_main" [_thread_in_native, id=5248, stack(0x000000328a000000,0x000000328a100000)]

Stack: [0x000000328a000000,0x000000328a100000],  sp=0x000000328a0fd6a0,  free space=1013k
Native frames: (J=compiled Java code, j=interpreted, Vv=VM code, C=native code)
C  [ntdll.dll+0x1e341]
C  [ntdll.dll+0x6a7c9]
C  [ntdll.dll+0xa04be]
C  [ntdll.dll+0x72a6]
C  [ntdll.dll+0x1b576]
C  [ntdll.dll+0x1b3c0]
C  0x00007ffbd0c0fe56

Java frames: (J=compiled Java code, j=interpreted, Vv=VM code)
j  sun.java2d.d3d.D3DSurfaceData.initOps(III)V+0 java.desktop@14.0.2
j  sun.java2d.d3d.D3DSurfaceData.<init>(Lsun/awt/windows/WComponentPeer;Lsun/java2d/d3d/D3DGraphicsConfig;IILjava/awt/Image;Ljava/awt/image/ColorModel;IILsun/java2d/pipe/hw/ExtendedBufferCapabilities$VSyncType;I)V+212 java.desktop@14.0.2
j  sun.java2d.d3d.D3DSurfaceData.createData(Lsun/awt/windows/WComponentPeer;Ljava/awt/Image;)Lsun/java2d/d3d/D3DSurfaceData;+117 java.desktop@14.0.2
j  sun.java2d.d3d.D3DVolatileSurfaceManager.initAcceleratedSurface()Lsun/java2d/SurfaceData;+68 java.desktop@14.0.2
j  sun.java2d.d3d.D3DVolatileSurfaceManager.restoreAcceleratedSurface()V+49 java.desktop@14.0.2
j  sun.awt.image.VolatileSurfaceManager.validate(Ljava/awt/GraphicsConfiguration;)I+94 java.desktop@14.0.2
j  sun.awt.image.SunVolatileImage.validate(Ljava/awt/GraphicsConfiguration;)I+5 java.desktop@14.0.2
j  java.awt.Component$FlipBufferStrategy.revalidate()V+85 java.desktop@14.0.2
j  java.awt.Component$FlipBufferStrategy.getDrawGraphics()Ljava/awt/Graphics;+1 java.desktop@14.0.2
j  com.sunsigne.rebeccasreleasing.toclean.rebuild.onlyconductortorebuild.Game.render()V+16
J 1419% c2 com.sunsigne.rebeccasreleasing.toclean.rebuild.onlyconductortorebuild.Game.run()V (149 bytes) @ 0x000001960c04d77c [0x000001960c04d620+0x000000000000015c]
j  java.lang.Thread.run()V+11 java.base@14.0.2
v  ~StubRoutines::call_stub

siginfo: EXCEPTION_ACCESS_VIOLATION (0xc0000005), reading address 0x00007ffbd0dbb228


Register to memory mapping:

RIP=0x00007ffbd97be341 ntdll.dll
RAX=0x000000000000082e is an unknown value
RBX=0x000000000000fe56 is an unknown value
RCX=0x000000000000082e is an unknown value
RDX=0x000000000000188a is an unknown value
RSP=0x000000328a0fd6a0 is pointing into the stack for thread: 0x00000196223e0800
RBP=0x000000328a0fdc30 is pointing into the stack for thread: 0x00000196223e0800
RSI=0x0 is NULL
RDI=0x00007ffbd0db5000 is an unknown value
R8 =0x000000000000105c is an unknown value
R9 =0x0 is NULL
R10=0x00007ffbd0dbb228 is an unknown value
R11=0x0000000000149974 is an unknown value
R12=0x0 is NULL
R13=0x00007ffbd990bd5c ntdll.dll
R14=0x000000328a0fdcd0 is pointing into the stack for thread: 0x00000196223e0800
R15=0x000000328a0fdc48 is pointing into the stack for thread: 0x00000196223e0800


Registers:
RAX=0x000000000000082e, RBX=0x000000000000fe56, RCX=0x000000000000082e, RDX=0x000000000000188a
RSP=0x000000328a0fd6a0, RBP=0x000000328a0fdc30, RSI=0x0000000000000000, RDI=0x00007ffbd0db5000
R8 =0x000000000000105c, R9 =0x0000000000000000, R10=0x00007ffbd0dbb228, R11=0x0000000000149974
R12=0x0000000000000000, R13=0x00007ffbd990bd5c, R14=0x000000328a0fdcd0, R15=0x000000328a0fdc48
RIP=0x00007ffbd97be341, EFLAGS=0x0000000000010206

Top of Stack: (sp=0x000000328a0fd6a0)
0x000000328a0fd6a0:   0000000000000000 0000003200000000
0x000000328a0fd6b0:   00007ffbd97bb3c0 000000328a0fd730
0x000000328a0fd6c0:   00007ffbd0db5000 00007ffbd0c00000
0x000000328a0fd6d0:   0000c468001c7000 000000328a0fe2f0
0x000000328a0fd6e0:   00007ffbd0c0fe56 00007ffbd980a7c9
0x000000328a0fd6f0:   000000328a0fe2f0 0000000000000000
0x000000328a0fd700:   0000000000000000 000000328a0fd730
0x000000328a0fd710:   000000328a0fd730 000000328a0fdc50
0x000000328a0fd720:   000000328a0fdc40 0000000000000000
0x000000328a0fd730:   000000002a4ba318 0000000022c1a358
0x000000328a0fd740:   00000000206a9438 00000000206cadf8
0x000000328a0fd750:   0000000000000000 0000000000000000
0x000000328a0fd760:   00001fa00010000f 0000000000000033
0x000000328a0fd770:   00010213002b0000 0000000000000000
0x000000328a0fd780:   0000000020728688 0000000020728688
0x000000328a0fd790:   0000000000000000 0000000020658198 

Instructions: (pc=0x00007ffbd97be341)
0x00007ffbd97be241:   0f 10 40 60 0f 11 41 60 0f 10 40 70 0f 11 44 11
0x00007ffbd97be251:   f0 0f 10 0c 10 0f 11 0c 11 0f 10 44 10 10 0f 11
0x00007ffbd97be261:   44 11 10 48 8b 5c 24 30 48 8b 74 24 38 48 83 c4
0x00007ffbd97be271:   20 5f c3 23 ca 3b ca 0f 85 39 fe ff ff e9 df ec
0x00007ffbd97be281:   08 00 cc cc cc cc cc cc cc cc cc cc cc cc cc 48
0x00007ffbd97be291:   89 5c 24 18 4c 89 74 24 20 41 57 48 83 ec 40 4d
0x00007ffbd97be2a1:   8b f0 4c 8b fa 48 8b d9 4d 85 c0 0f 85 3b 01 00
0x00007ffbd97be2b1:   00 48 8b 0d 2f c2 15 00 48 89 74 24 50 48 89 7c
0x00007ffbd97be2c1:   24 58 48 3b d9 0f 83 eb 00 00 00 48 8d 54 24 20
0x00007ffbd97be2d1:   48 8b cb e8 47 03 00 00 48 8b f8 48 85 ff 0f 84
0x00007ffbd97be2e1:   fb 02 00 00 8b 4c 24 34 48 b8 ab aa aa aa aa aa
0x00007ffbd97be2f1:   aa aa 4c 8b 44 24 28 33 f6 48 f7 e1 4d 89 07 48
0x00007ffbd97be301:   c1 ea 03 85 d2 74 73 8d 42 ff 49 2b d8 48 8d 04
0x00007ffbd97be311:   40 44 8b 1c 87 4c 8d 14 87 49 3b db 73 48 44 8d
0x00007ffbd97be321:   42 fe 44 8b ce 45 85 c0 78 3c 0f 1f 44 00 00 43
0x00007ffbd97be331:   8d 04 08 d1 f8 48 63 c8 48 8d 14 49 4c 8d 14 97
0x00007ffbd97be341:   8b 14 97 48 3b da 72 12 41 8b 4a 0c 44 8b da 48
0x00007ffbd97be351:   3b d9 72 12 44 8d 48 01 eb 04 44 8d 40 ff 44 8b
0x00007ffbd97be361:   da 45 3b c1 7d c9 41 8b c3 48 3b d8 72 0c 41 8b
0x00007ffbd97be371:   42 04 48 3b d8 73 03 49 8b f2 48 8b 7c 24 58 48
0x00007ffbd97be381:   85 f6 74 19 4d 85 f6 0f 85 0e 01 00 00 48 85 f6
0x00007ffbd97be391:   74 0b 8b 46 08 a8 01 0f 85 55 02 00 00 48 8b c6
0x00007ffbd97be3a1:   48 8b 74 24 50 48 8b 5c 24 60 4c 8b 74 24 68 48
0x00007ffbd97be3b1:   83 c4 40 41 5f c3 8b 05 33 c1 15 00 48 03 c1 48
0x00007ffbd97be3c1:   3b d8 0f 83 03 ff ff ff 0f 28 0d 10 c1 15 00 f2
0x00007ffbd97be3d1:   0f 10 05 18 c1 15 00 66 48 0f 7e cf 0f 11 4c 24
0x00007ffbd97be3e1:   20 f2 0f 11 44 24 30 e9 ef fe ff ff 41 80 78 07
0x00007ffbd97be3f1:   00 4c 8d 1d f7 bf 15 00 0f 85 7e 01 00 00 41 80
0x00007ffbd97be401:   78 06 00 0f 84 a8 fe ff ff 48 3b 1d e7 bf 15 00
0x00007ffbd97be411:   0f 83 f2 00 00 00 49 3b 5e 08 0f 82 91 fe ff ff
0x00007ffbd97be421:   49 3b 5e 10 0f 83 87 fe ff ff 45 0f b6 46 04 45
0x00007ffbd97be431:   8b 16 41 8b d0 45 3b c2 0f 83 73 fe ff ff 8b ca 


Stack slot to memory mapping:
stack at sp + 0 slots: 0x0 is NULL
stack at sp + 1 slots: 0x0000003200000000 is an unknown value
stack at sp + 2 slots: 0x00007ffbd97bb3c0 ntdll.dll
stack at sp + 3 slots: 0x000000328a0fd730 is pointing into the stack for thread: 0x00000196223e0800
stack at sp + 4 slots: 0x00007ffbd0db5000 is an unknown value
stack at sp + 5 slots: 0x00007ffbd0c00000 is an unknown value
stack at sp + 6 slots: 0x0000c468001c7000 is an unknown value
stack at sp + 7 slots: 0x000000328a0fe2f0 is pointing into the stack for thread: 0x00000196223e0800


---------------  P R O C E S S  ---------------

Threads class SMR info:
_java_thread_list=0x00000196226c6880, length=30, elements={
0x000001962082d000, 0x000001962082e000, 0x0000019620860800, 0x0000019620861800,
0x0000019620863000, 0x000001962086e000, 0x0000019620877800, 0x000001962088e000,
0x00000196209e9000, 0x00000196209f4000, 0x0000019620f40000, 0x0000019620ee8800,
0x0000019621e14000, 0x0000019622393800, 0x00000196223e0800, 0x000001962260b000,
0x0000019622618800, 0x0000019622614000, 0x0000019622616800, 0x0000019622616000,
0x0000019622617800, 0x0000019622619000, 0x000001962261a000, 0x000001962261a800,
0x0000019622aa0000, 0x0000019622a9d800, 0x0000019622aa2800, 0x0000019622aa3800,
0x0000019622a9f000, 0x0000019622aa4000
}

Java Threads: ( => current thread )
  0x000001962082d000 JavaThread "Reference Handler" daemon [_thread_blocked, id=16040, stack(0x0000003288900000,0x0000003288a00000)]
  0x000001962082e000 JavaThread "Finalizer" daemon [_thread_blocked, id=22448, stack(0x0000003288a00000,0x0000003288b00000)]
  0x0000019620860800 JavaThread "Signal Dispatcher" daemon [_thread_blocked, id=10504, stack(0x0000003288b00000,0x0000003288c00000)]
  0x0000019620861800 JavaThread "Attach Listener" daemon [_thread_blocked, id=10124, stack(0x0000003288c00000,0x0000003288d00000)]
  0x0000019620863000 JavaThread "Service Thread" daemon [_thread_blocked, id=8848, stack(0x0000003288d00000,0x0000003288e00000)]
  0x000001962086e000 JavaThread "C2 CompilerThread0" daemon [_thread_blocked, id=20680, stack(0x0000003288e00000,0x0000003288f00000)]
  0x0000019620877800 JavaThread "C1 CompilerThread0" daemon [_thread_blocked, id=15700, stack(0x0000003288f00000,0x0000003289000000)]
  0x000001962088e000 JavaThread "Sweeper thread" daemon [_thread_blocked, id=21472, stack(0x0000003289000000,0x0000003289100000)]
  0x00000196209e9000 JavaThread "Notification Thread" daemon [_thread_blocked, id=4232, stack(0x0000003289100000,0x0000003289200000)]
  0x00000196209f4000 JavaThread "Common-Cleaner" daemon [_thread_blocked, id=13932, stack(0x0000003289300000,0x0000003289400000)]
  0x0000019620f40000 JavaThread "Java2D Disposer" daemon [_thread_blocked, id=12680, stack(0x0000003289400000,0x0000003289500000)]
  0x0000019620ee8800 JavaThread "AWT-Shutdown" [_thread_blocked, id=22084, stack(0x0000003289b00000,0x0000003289c00000)]
  0x0000019621e14000 JavaThread "Image Fetcher 0" daemon [_thread_blocked, id=8988, stack(0x0000003289d00000,0x0000003289e00000)]
  0x0000019622393800 JavaThread "AWT-EventQueue-0" [_thread_blocked, id=3396, stack(0x0000003289a00000,0x0000003289b00000)]
=>0x00000196223e0800 JavaThread "Rebecca's Releasing_main" [_thread_in_native, id=5248, stack(0x000000328a000000,0x000000328a100000)]
  0x000001962260b000 JavaThread "Java Sound Event Dispatcher" daemon [_thread_blocked, id=7744, stack(0x000000328a400000,0x000000328a500000)]
  0x0000019622618800 JavaThread "DestroyJavaVM" [_thread_blocked, id=18448, stack(0x0000003288200000,0x0000003288300000)]
  0x0000019622614000 JavaThread "Direct Clip" daemon [_thread_blocked, id=19720, stack(0x000000328af30000,0x000000328b030000)]
  0x0000019622616800 JavaThread "Direct Clip" daemon [_thread_blocked, id=15296, stack(0x000000328b130000,0x000000328b230000)]
  0x0000019622616000 JavaThread "Direct Clip" daemon [_thread_blocked, id=12104, stack(0x000000328b230000,0x000000328b330000)]
  0x0000019622617800 JavaThread "Direct Clip" daemon [_thread_blocked, id=19384, stack(0x000000328ae20000,0x000000328af20000)]
  0x0000019622619000 JavaThread "Direct Clip" daemon [_thread_blocked, id=22488, stack(0x000000328b330000,0x000000328b430000)]
  0x000001962261a000 JavaThread "Direct Clip" daemon [_thread_blocked, id=9412, stack(0x000000328b430000,0x000000328b530000)]
  0x000001962261a800 JavaThread "Direct Clip" daemon [_thread_blocked, id=21080, stack(0x000000328b530000,0x000000328b630000)]
  0x0000019622aa0000 JavaThread "Direct Clip" daemon [_thread_blocked, id=9748, stack(0x000000328b630000,0x000000328b730000)]
  0x0000019622a9d800 JavaThread "Direct Clip" daemon [_thread_blocked, id=15060, stack(0x000000328b730000,0x000000328b830000)]
  0x0000019622aa2800 JavaThread "Direct Clip" daemon [_thread_blocked, id=8324, stack(0x000000328b830000,0x000000328b930000)]
  0x0000019622aa3800 JavaThread "Direct Clip" daemon [_thread_blocked, id=13564, stack(0x000000328b930000,0x000000328ba30000)]
  0x0000019622a9f000 JavaThread "Direct Clip" daemon [_thread_blocked, id=5780, stack(0x000000328a800000,0x000000328a900000)]
  0x0000019622aa4000 JavaThread "ToolkitShutdown" daemon [_thread_in_native, id=13308, stack(0x000000328ba30000,0x000000328bb30000)]

Other Threads:
  0x0000019620828800 VMThread "VM Thread" [stack: 0x0000003288800000,0x0000003288900000] [id=16828]
  0x00000196209f6000 WatcherThread [stack: 0x0000003289200000,0x0000003289300000] [id=21244]
  0x0000019600899000 GCTaskThread "GC Thread#0" [stack: 0x0000003288300000,0x0000003288400000] [id=4524]
  0x000001962128e800 GCTaskThread "GC Thread#1" [stack: 0x0000003289500000,0x0000003289600000] [id=4988]
  0x0000019620ff9800 GCTaskThread "GC Thread#2" [stack: 0x0000003289600000,0x0000003289700000] [id=19972]
  0x0000019621bdb000 GCTaskThread "GC Thread#3" [stack: 0x0000003289700000,0x0000003289800000] [id=12492]
  0x0000019621bdb800 GCTaskThread "GC Thread#4" [stack: 0x0000003289800000,0x0000003289900000] [id=4204]
  0x00000196212af000 GCTaskThread "GC Thread#5" [stack: 0x0000003289900000,0x0000003289a00000] [id=22072]
  0x0000019600831000 GCTaskThread "GC Thread#6" [stack: 0x000000328a900000,0x000000328aa00000] [id=7096]
  0x00000196210f9800 GCTaskThread "GC Thread#7" [stack: 0x000000328aa00000,0x000000328ab00000] [id=7156]
  0x00000196008ba800 ConcurrentGCThread "G1 Main Marker" [stack: 0x0000003288400000,0x0000003288500000] [id=12732]
  0x00000196008bd000 ConcurrentGCThread "G1 Conc#0" [stack: 0x0000003288500000,0x0000003288600000] [id=9240]
  0x000001962249c000 ConcurrentGCThread "G1 Conc#1" [stack: 0x000000328ab00000,0x000000328ac00000] [id=16920]
  0x00000196224a7800 ConcurrentGCThread "G1 Conc#2" [stack: 0x000000328ac00000,0x000000328ad00000] [id=21668]
  0x000001961fe35800 ConcurrentGCThread "G1 Refine#0" [stack: 0x0000003288600000,0x0000003288700000] [id=7844]
  0x000001961fe39000 ConcurrentGCThread "G1 Young RemSet Sampling" [stack: 0x0000003288700000,0x0000003288800000] [id=22132]

Threads with active compile tasks:

VM state:not at safepoint (normal execution)

VM Mutex/Monitor currently owned by a thread: None

Heap address: 0x0000000701600000, size: 4074 MB, Compressed Oops mode: Zero based, Oop shift amount: 3
Narrow klass base: 0x0000000800000000, Narrow klass shift: 0
Compressed class space size: 1073741824 Address: 0x0000000800000000

Heap:
 garbage-first heap   total 262144K, used 129346K [0x0000000701600000, 0x0000000800000000)
  region size 1024K, 9 young (9216K), 5 survivors (5120K)
 Metaspace       used 17239K, capacity 17540K, committed 17792K, reserved 1064960K
  class space    used 1774K, capacity 1892K, committed 1920K, reserved 1048576K
Heap Regions: E=young(eden), S=young(survivor), O=old, HS=humongous(starts), HC=humongous(continues), CS=collection set, F=free, OA=open archive, CA=closed archive, TAMS=top-at-mark-start (previous, next)
|   0|0x0000000701600000, 0x0000000701700000, 0x0000000701700000|100%|HS|  |TAMS 0x0000000701700000, 0x0000000701600000| Complete 
|   1|0x0000000701700000, 0x0000000701800000, 0x0000000701800000|100%|HC|  |TAMS 0x0000000701800000, 0x0000000701700000| Complete 
|   2|0x0000000701800000, 0x0000000701900000, 0x0000000701900000|100%|HC|  |TAMS 0x0000000701900000, 0x0000000701800000| Complete 
|   3|0x0000000701900000, 0x0000000701a00000, 0x0000000701a00000|100%|HS|  |TAMS 0x0000000701a00000, 0x0000000701900000| Complete 
|   4|0x0000000701a00000, 0x0000000701b00000, 0x0000000701b00000|100%|HC|  |TAMS 0x0000000701b00000, 0x0000000701a00000| Complete 
|   5|0x0000000701b00000, 0x0000000701c00000, 0x0000000701c00000|100%|HS|  |TAMS 0x0000000701c00000, 0x0000000701b00000| Complete 
|   6|0x0000000701c00000, 0x0000000701d00000, 0x0000000701d00000|100%|HC|  |TAMS 0x0000000701d00000, 0x0000000701c00000| Complete 
|   7|0x0000000701d00000, 0x0000000701e00000, 0x0000000701e00000|100%|HC|  |TAMS 0x0000000701e00000, 0x0000000701d00000| Complete 
|   8|0x0000000701e00000, 0x0000000701f00000, 0x0000000701f00000|100%|HC|  |TAMS 0x0000000701f00000, 0x0000000701e00000| Complete 
|   9|0x0000000701f00000, 0x0000000702000000, 0x0000000702000000|100%|HC|  |TAMS 0x0000000702000000, 0x0000000701f00000| Complete 
|  10|0x0000000702000000, 0x0000000702100000, 0x0000000702100000|100%|HC|  |TAMS 0x0000000702100000, 0x0000000702000000| Complete 
|  11|0x0000000702100000, 0x0000000702200000, 0x0000000702200000|100%|HC|  |TAMS 0x0000000702200000, 0x0000000702100000| Complete 
|  12|0x0000000702200000, 0x0000000702300000, 0x0000000702300000|100%|HS|  |TAMS 0x0000000702300000, 0x0000000702200000| Complete 
|  13|0x0000000702300000, 0x0000000702400000, 0x0000000702400000|100%|HC|  |TAMS 0x0000000702400000, 0x0000000702300000| Complete 
|  14|0x0000000702400000, 0x0000000702500000, 0x0000000702500000|100%|HC|  |TAMS 0x0000000702500000, 0x0000000702400000| Complete 
|  15|0x0000000702500000, 0x0000000702600000, 0x0000000702600000|100%|HC|  |TAMS 0x0000000702600000, 0x0000000702500000| Complete 
|  16|0x0000000702600000, 0x0000000702700000, 0x0000000702700000|100%|HC|  |TAMS 0x0000000702700000, 0x0000000702600000| Complete 
|  17|0x0000000702700000, 0x0000000702800000, 0x0000000702800000|100%|HC|  |TAMS 0x0000000702800000, 0x0000000702700000| Complete 
|  18|0x0000000702800000, 0x0000000702900000, 0x0000000702900000|100%|HC|  |TAMS 0x0000000702900000, 0x0000000702800000| Complete 
|  19|0x0000000702900000, 0x0000000702a00000, 0x0000000702a00000|100%|HC|  |TAMS 0x0000000702a00000, 0x0000000702900000| Complete 
|  20|0x0000000702a00000, 0x0000000702b00000, 0x0000000702b00000|100%|HC|  |TAMS 0x0000000702b00000, 0x0000000702a00000| Complete 
|  21|0x0000000702b00000, 0x0000000702c00000, 0x0000000702c00000|100%|HC|  |TAMS 0x0000000702c00000, 0x0000000702b00000| Complete 
|  22|0x0000000702c00000, 0x0000000702d00000, 0x0000000702d00000|100%|HC|  |TAMS 0x0000000702d00000, 0x0000000702c00000| Complete 
|  23|0x0000000702d00000, 0x0000000702e00000, 0x0000000702e00000|100%|HS|  |TAMS 0x0000000702e00000, 0x0000000702d00000| Complete 
|  24|0x0000000702e00000, 0x0000000702f00000, 0x0000000702f00000|100%|HC|  |TAMS 0x0000000702f00000, 0x0000000702e00000| Complete 
|  25|0x0000000702f00000, 0x0000000703000000, 0x0000000703000000|100%|HS|  |TAMS 0x0000000703000000, 0x0000000702f00000| Complete 
|  26|0x0000000703000000, 0x0000000703100000, 0x0000000703100000|100%|HC|  |TAMS 0x0000000703100000, 0x0000000703000000| Complete 
|  27|0x0000000703100000, 0x0000000703200000, 0x0000000703200000|100%|HS|  |TAMS 0x0000000703200000, 0x0000000703100000| Complete 
|  28|0x0000000703200000, 0x0000000703300000, 0x0000000703300000|100%|HC|  |TAMS 0x0000000703300000, 0x0000000703200000| Complete 
|  29|0x0000000703300000, 0x0000000703400000, 0x0000000703400000|100%|HS|  |TAMS 0x0000000703400000, 0x0000000703300000| Complete 
|  30|0x0000000703400000, 0x0000000703500000, 0x0000000703500000|100%|HC|  |TAMS 0x0000000703500000, 0x0000000703400000| Complete 
|  31|0x0000000703500000, 0x0000000703600000, 0x0000000703600000|100%|HS|  |TAMS 0x0000000703600000, 0x0000000703500000| Complete 
|  32|0x0000000703600000, 0x0000000703700000, 0x0000000703700000|100%|HC|  |TAMS 0x0000000703700000, 0x0000000703600000| Complete 
|  33|0x0000000703700000, 0x0000000703800000, 0x0000000703800000|100%|HS|  |TAMS 0x0000000703800000, 0x0000000703700000| Complete 
|  34|0x0000000703800000, 0x0000000703900000, 0x0000000703900000|100%|HC|  |TAMS 0x0000000703900000, 0x0000000703800000| Complete 
|  35|0x0000000703900000, 0x0000000703a00000, 0x0000000703a00000|100%|HC|  |TAMS 0x0000000703a00000, 0x0000000703900000| Complete 
|  36|0x0000000703a00000, 0x0000000703b00000, 0x0000000703b00000|100%|HC|  |TAMS 0x0000000703b00000, 0x0000000703a00000| Complete 
|  37|0x0000000703b00000, 0x0000000703c00000, 0x0000000703c00000|100%|HC|  |TAMS 0x0000000703c00000, 0x0000000703b00000| Complete 
|  38|0x0000000703c00000, 0x0000000703d00000, 0x0000000703d00000|100%|HC|  |TAMS 0x0000000703d00000, 0x0000000703c00000| Complete 
|  39|0x0000000703d00000, 0x0000000703e00000, 0x0000000703e00000|100%|HC|  |TAMS 0x0000000703e00000, 0x0000000703d00000| Complete 
|  40|0x0000000703e00000, 0x0000000703f00000, 0x0000000703f00000|100%|HC|  |TAMS 0x0000000703f00000, 0x0000000703e00000| Complete 
|  41|0x0000000703f00000, 0x0000000704000000, 0x0000000704000000|100%|HC|  |TAMS 0x0000000704000000, 0x0000000703f00000| Complete 
|  42|0x0000000704000000, 0x0000000704100000, 0x0000000704100000|100%|HC|  |TAMS 0x0000000704100000, 0x0000000704000000| Complete 
|  43|0x0000000704100000, 0x0000000704200000, 0x0000000704200000|100%|HS|  |TAMS 0x0000000704200000, 0x0000000704100000| Complete 
|  44|0x0000000704200000, 0x0000000704300000, 0x0000000704300000|100%|HC|  |TAMS 0x0000000704300000, 0x0000000704200000| Complete 
|  45|0x0000000704300000, 0x0000000704400000, 0x0000000704400000|100%|HC|  |TAMS 0x0000000704400000, 0x0000000704300000| Complete 
|  46|0x0000000704400000, 0x0000000704500000, 0x0000000704500000|100%|HC|  |TAMS 0x0000000704500000, 0x0000000704400000| Complete 
|  47|0x0000000704500000, 0x0000000704600000, 0x0000000704600000|100%|HC|  |TAMS 0x0000000704600000, 0x0000000704500000| Complete 
|  48|0x0000000704600000, 0x0000000704700000, 0x0000000704700000|100%|HC|  |TAMS 0x0000000704700000, 0x0000000704600000| Complete 
|  49|0x0000000704700000, 0x0000000704800000, 0x0000000704800000|100%|HC|  |TAMS 0x0000000704800000, 0x0000000704700000| Complete 
|  50|0x0000000704800000, 0x0000000704900000, 0x0000000704900000|100%|HC|  |TAMS 0x0000000704900000, 0x0000000704800000| Complete 
|  51|0x0000000704900000, 0x0000000704a00000, 0x0000000704a00000|100%|HC|  |TAMS 0x0000000704a00000, 0x0000000704900000| Complete 
|  52|0x0000000704a00000, 0x0000000704b00000, 0x0000000704b00000|100%|HC|  |TAMS 0x0000000704b00000, 0x0000000704a00000| Complete 
|  53|0x0000000704b00000, 0x0000000704c00000, 0x0000000704c00000|100%|HS|  |TAMS 0x0000000704c00000, 0x0000000704b00000| Complete 
|  54|0x0000000704c00000, 0x0000000704d00000, 0x0000000704d00000|100%|HC|  |TAMS 0x0000000704d00000, 0x0000000704c00000| Complete 
|  55|0x0000000704d00000, 0x0000000704e00000, 0x0000000704e00000|100%|HC|  |TAMS 0x0000000704e00000, 0x0000000704d00000| Complete 
|  56|0x0000000704e00000, 0x0000000704f00000, 0x0000000704f00000|100%|HC|  |TAMS 0x0000000704f00000, 0x0000000704e00000| Complete 
|  57|0x0000000704f00000, 0x0000000705000000, 0x0000000705000000|100%|HC|  |TAMS 0x0000000705000000, 0x0000000704f00000| Complete 
|  58|0x0000000705000000, 0x0000000705100000, 0x0000000705100000|100%|HC|  |TAMS 0x0000000705100000, 0x0000000705000000| Complete 
|  59|0x0000000705100000, 0x0000000705200000, 0x0000000705200000|100%|HC|  |TAMS 0x0000000705200000, 0x0000000705100000| Complete 
|  60|0x0000000705200000, 0x0000000705300000, 0x0000000705300000|100%|HC|  |TAMS 0x0000000705300000, 0x0000000705200000| Complete 
|  61|0x0000000705300000, 0x0000000705400000, 0x0000000705400000|100%|HC|  |TAMS 0x0000000705400000, 0x0000000705300000| Complete 
|  62|0x0000000705400000, 0x0000000705500000, 0x0000000705500000|100%|HC|  |TAMS 0x0000000705500000, 0x0000000705400000| Complete 
|  63|0x0000000705500000, 0x0000000705600000, 0x0000000705600000|100%|HS|  |TAMS 0x0000000705600000, 0x0000000705500000| Complete 
|  64|0x0000000705600000, 0x0000000705700000, 0x0000000705700000|100%|HC|  |TAMS 0x0000000705700000, 0x0000000705600000| Complete 
|  65|0x0000000705700000, 0x0000000705800000, 0x0000000705800000|100%|HC|  |TAMS 0x0000000705800000, 0x0000000705700000| Complete 
|  66|0x0000000705800000, 0x0000000705900000, 0x0000000705900000|100%|HC|  |TAMS 0x0000000705900000, 0x0000000705800000| Complete 
|  67|0x0000000705900000, 0x0000000705a00000, 0x0000000705a00000|100%|HC|  |TAMS 0x0000000705a00000, 0x0000000705900000| Complete 
|  68|0x0000000705a00000, 0x0000000705b00000, 0x0000000705b00000|100%|HC|  |TAMS 0x0000000705b00000, 0x0000000705a00000| Complete 
|  69|0x0000000705b00000, 0x0000000705c00000, 0x0000000705c00000|100%|HC|  |TAMS 0x0000000705c00000, 0x0000000705b00000| Complete 
|  70|0x0000000705c00000, 0x0000000705d00000, 0x0000000705d00000|100%|HC|  |TAMS 0x0000000705d00000, 0x0000000705c00000| Complete 
|  71|0x0000000705d00000, 0x0000000705e00000, 0x0000000705e00000|100%|HS|  |TAMS 0x0000000705e00000, 0x0000000705d00000| Complete 
|  72|0x0000000705e00000, 0x0000000705f00000, 0x0000000705f00000|100%|HC|  |TAMS 0x0000000705f00000, 0x0000000705e00000| Complete 
|  73|0x0000000705f00000, 0x0000000706000000, 0x0000000706000000|100%|HS|  |TAMS 0x0000000705f00000, 0x0000000705f00000| Complete 
|  74|0x0000000706000000, 0x0000000706100000, 0x0000000706100000|100%|HC|  |TAMS 0x0000000706000000, 0x0000000706000000| Complete 
|  75|0x0000000706100000, 0x0000000706200000, 0x0000000706200000|100%|HC|  |TAMS 0x0000000706100000, 0x0000000706100000| Complete 
|  76|0x0000000706200000, 0x0000000706300000, 0x0000000706300000|100%|HC|  |TAMS 0x0000000706200000, 0x0000000706200000| Complete 
|  77|0x0000000706300000, 0x0000000706400000, 0x0000000706400000|100%|HC|  |TAMS 0x0000000706300000, 0x0000000706300000| Complete 
|  78|0x0000000706400000, 0x0000000706500000, 0x0000000706500000|100%|HC|  |TAMS 0x0000000706400000, 0x0000000706400000| Complete 
|  79|0x0000000706500000, 0x0000000706600000, 0x0000000706600000|100%|HC|  |TAMS 0x0000000706500000, 0x0000000706500000| Complete 
|  80|0x0000000706600000, 0x0000000706700000, 0x0000000706700000|100%|HC|  |TAMS 0x0000000706600000, 0x0000000706600000| Complete 
|  81|0x0000000706700000, 0x0000000706800000, 0x0000000706800000|100%|HC|  |TAMS 0x0000000706700000, 0x0000000706700000| Complete 
|  82|0x0000000706800000, 0x0000000706900000, 0x0000000706900000|100%|HC|  |TAMS 0x0000000706800000, 0x0000000706800000| Complete 
|  83|0x0000000706900000, 0x0000000706a00000, 0x0000000706a00000|100%|HC|  |TAMS 0x0000000706900000, 0x0000000706900000| Complete 
|  84|0x0000000706a00000, 0x0000000706b00000, 0x0000000706b00000|100%|HC|  |TAMS 0x0000000706a00000, 0x0000000706a00000| Complete 
|  85|0x0000000706b00000, 0x0000000706c00000, 0x0000000706c00000|100%|HC|  |TAMS 0x0000000706b00000, 0x0000000706b00000| Complete 
|  86|0x0000000706c00000, 0x0000000706d00000, 0x0000000706d00000|100%|HC|  |TAMS 0x0000000706c00000, 0x0000000706c00000| Complete 
|  87|0x0000000706d00000, 0x0000000706e00000, 0x0000000706e00000|100%|HC|  |TAMS 0x0000000706d00000, 0x0000000706d00000| Complete 
|  88|0x0000000706e00000, 0x0000000706f00000, 0x0000000706f00000|100%|HC|  |TAMS 0x0000000706e00000, 0x0000000706e00000| Complete 
|  89|0x0000000706f00000, 0x0000000707000000, 0x0000000707000000|100%|HC|  |TAMS 0x0000000706f00000, 0x0000000706f00000| Complete 
|  90|0x0000000707000000, 0x0000000707100000, 0x0000000707100000|100%|HC|  |TAMS 0x0000000707000000, 0x0000000707000000| Complete 
|  91|0x0000000707100000, 0x0000000707200000, 0x0000000707200000|100%|HC|  |TAMS 0x0000000707100000, 0x0000000707100000| Complete 
|  92|0x0000000707200000, 0x0000000707300000, 0x0000000707300000|100%|HC|  |TAMS 0x0000000707200000, 0x0000000707200000| Complete 
|  93|0x0000000707300000, 0x0000000707400000, 0x0000000707400000|100%|HC|  |TAMS 0x0000000707300000, 0x0000000707300000| Complete 
|  94|0x0000000707400000, 0x0000000707500000, 0x0000000707500000|100%|HC|  |TAMS 0x0000000707400000, 0x0000000707400000| Complete 
|  95|0x0000000707500000, 0x0000000707600000, 0x0000000707600000|100%|HC|  |TAMS 0x0000000707500000, 0x0000000707500000| Complete 
|  96|0x0000000707600000, 0x0000000707700000, 0x0000000707700000|100%|HC|  |TAMS 0x0000000707600000, 0x0000000707600000| Complete 
|  97|0x0000000707700000, 0x0000000707800000, 0x0000000707800000|100%|HC|  |TAMS 0x0000000707700000, 0x0000000707700000| Complete 
|  98|0x0000000707800000, 0x0000000707900000, 0x0000000707900000|100%|HC|  |TAMS 0x0000000707800000, 0x0000000707800000| Complete 
|  99|0x0000000707900000, 0x0000000707a00000, 0x0000000707a00000|100%| O|  |TAMS 0x0000000707a00000, 0x0000000707900000| Untracked 
| 100|0x0000000707a00000, 0x0000000707b00000, 0x0000000707b00000|100%| O|  |TAMS 0x0000000707b00000, 0x0000000707a00000| Untracked 
| 101|0x0000000707b00000, 0x0000000707c00000, 0x0000000707c00000|100%| O|  |TAMS 0x0000000707c00000, 0x0000000707b00000| Untracked 
| 102|0x0000000707c00000, 0x0000000707c97c00, 0x0000000707d00000| 59%| O|  |TAMS 0x0000000707c97c00, 0x0000000707c00000| Untracked 
| 103|0x0000000707d00000, 0x0000000707d00000, 0x0000000707e00000|  0%| F|  |TAMS 0x0000000707d00000, 0x0000000707d00000| Untracked 
| 104|0x0000000707e00000, 0x0000000707e00000, 0x0000000707f00000|  0%| F|  |TAMS 0x0000000707e00000, 0x0000000707e00000| Untracked 
| 105|0x0000000707f00000, 0x0000000707f00000, 0x0000000708000000|  0%| F|  |TAMS 0x0000000707f00000, 0x0000000707f00000| Untracked 
| 106|0x0000000708000000, 0x0000000708000000, 0x0000000708100000|  0%| F|  |TAMS 0x0000000708000000, 0x0000000708000000| Untracked 
| 107|0x0000000708100000, 0x0000000708100000, 0x0000000708200000|  0%| F|  |TAMS 0x0000000708100000, 0x0000000708100000| Untracked 
| 108|0x0000000708200000, 0x0000000708200000, 0x0000000708300000|  0%| F|  |TAMS 0x0000000708200000, 0x0000000708200000| Untracked 
| 109|0x0000000708300000, 0x0000000708300000, 0x0000000708400000|  0%| F|  |TAMS 0x0000000708300000, 0x0000000708300000| Untracked 
| 110|0x0000000708400000, 0x0000000708400000, 0x0000000708500000|  0%| F|  |TAMS 0x0000000708400000, 0x0000000708400000| Untracked 
| 111|0x0000000708500000, 0x0000000708500000, 0x0000000708600000|  0%| F|  |TAMS 0x0000000708500000, 0x0000000708500000| Untracked 
| 112|0x0000000708600000, 0x0000000708600000, 0x0000000708700000|  0%| F|  |TAMS 0x0000000708600000, 0x0000000708600000| Untracked 
| 113|0x0000000708700000, 0x0000000708700000, 0x0000000708800000|  0%| F|  |TAMS 0x0000000708700000, 0x0000000708700000| Untracked 
| 114|0x0000000708800000, 0x0000000708800000, 0x0000000708900000|  0%| F|  |TAMS 0x0000000708800000, 0x0000000708800000| Untracked 
| 115|0x0000000708900000, 0x0000000708900000, 0x0000000708a00000|  0%| F|  |TAMS 0x0000000708900000, 0x0000000708900000| Untracked 
| 116|0x0000000708a00000, 0x0000000708a00000, 0x0000000708b00000|  0%| F|  |TAMS 0x0000000708a00000, 0x0000000708a00000| Untracked 
| 117|0x0000000708b00000, 0x0000000708b00000, 0x0000000708c00000|  0%| F|  |TAMS 0x0000000708b00000, 0x0000000708b00000| Untracked 
| 118|0x0000000708c00000, 0x0000000708c00000, 0x0000000708d00000|  0%| F|  |TAMS 0x0000000708c00000, 0x0000000708c00000| Untracked 
| 119|0x0000000708d00000, 0x0000000708e00000, 0x0000000708e00000|100%|HS|  |TAMS 0x0000000708e00000, 0x0000000708d00000| Complete 
| 120|0x0000000708e00000, 0x0000000708f00000, 0x0000000708f00000|100%|HC|  |TAMS 0x0000000708f00000, 0x0000000708e00000| Complete 
| 121|0x0000000708f00000, 0x0000000709000000, 0x0000000709000000|100%|HC|  |TAMS 0x0000000709000000, 0x0000000708f00000| Complete 
| 122|0x0000000709000000, 0x0000000709100000, 0x0000000709100000|100%|HC|  |TAMS 0x0000000709100000, 0x0000000709000000| Complete 
| 123|0x0000000709100000, 0x0000000709200000, 0x0000000709200000|100%|HC|  |TAMS 0x0000000709200000, 0x0000000709100000| Complete 
| 124|0x0000000709200000, 0x0000000709300000, 0x0000000709300000|100%|HC|  |TAMS 0x0000000709300000, 0x0000000709200000| Complete 
| 125|0x0000000709300000, 0x0000000709400000, 0x0000000709400000|100%|HC|  |TAMS 0x0000000709400000, 0x0000000709300000| Complete 
| 126|0x0000000709400000, 0x0000000709500000, 0x0000000709500000|100%|HC|  |TAMS 0x0000000709500000, 0x0000000709400000| Complete 
| 127|0x0000000709500000, 0x0000000709600000, 0x0000000709600000|100%|HS|  |TAMS 0x0000000709600000, 0x0000000709500000| Complete 
| 128|0x0000000709600000, 0x0000000709700000, 0x0000000709700000|100%|HC|  |TAMS 0x0000000709700000, 0x0000000709600000| Complete 
| 129|0x0000000709700000, 0x0000000709800000, 0x0000000709800000|100%|HC|  |TAMS 0x0000000709800000, 0x0000000709700000| Complete 
| 130|0x0000000709800000, 0x0000000709900000, 0x0000000709900000|100%|HC|  |TAMS 0x0000000709900000, 0x0000000709800000| Complete 
| 131|0x0000000709900000, 0x0000000709a00000, 0x0000000709a00000|100%|HC|  |TAMS 0x0000000709a00000, 0x0000000709900000| Complete 
| 132|0x0000000709a00000, 0x0000000709b00000, 0x0000000709b00000|100%|HC|  |TAMS 0x0000000709b00000, 0x0000000709a00000| Complete 
| 133|0x0000000709b00000, 0x0000000709c00000, 0x0000000709c00000|100%|HC|  |TAMS 0x0000000709c00000, 0x0000000709b00000| Complete 
| 134|0x0000000709c00000, 0x0000000709d00000, 0x0000000709d00000|100%|HC|  |TAMS 0x0000000709d00000, 0x0000000709c00000| Complete 
| 135|0x0000000709d00000, 0x0000000709d00000, 0x0000000709e00000|  0%| F|  |TAMS 0x0000000709d00000, 0x0000000709d00000| Untracked 
| 136|0x0000000709e00000, 0x0000000709e00000, 0x0000000709f00000|  0%| F|  |TAMS 0x0000000709e00000, 0x0000000709e00000| Untracked 
| 137|0x0000000709f00000, 0x0000000709f00000, 0x000000070a000000|  0%| F|  |TAMS 0x0000000709f00000, 0x0000000709f00000| Untracked 
| 138|0x000000070a000000, 0x000000070a000000, 0x000000070a100000|  0%| F|  |TAMS 0x000000070a000000, 0x000000070a000000| Untracked 
| 139|0x000000070a100000, 0x000000070a100000, 0x000000070a200000|  0%| F|  |TAMS 0x000000070a100000, 0x000000070a100000| Untracked 
| 140|0x000000070a200000, 0x000000070a200000, 0x000000070a300000|  0%| F|  |TAMS 0x000000070a200000, 0x000000070a200000| Untracked 
| 141|0x000000070a300000, 0x000000070a300000, 0x000000070a400000|  0%| F|  |TAMS 0x000000070a300000, 0x000000070a300000| Untracked 
| 142|0x000000070a400000, 0x000000070a400000, 0x000000070a500000|  0%| F|  |TAMS 0x000000070a400000, 0x000000070a400000| Untracked 
| 143|0x000000070a500000, 0x000000070a500000, 0x000000070a600000|  0%| F|  |TAMS 0x000000070a500000, 0x000000070a500000| Untracked 
| 144|0x000000070a600000, 0x000000070a600000, 0x000000070a700000|  0%| F|  |TAMS 0x000000070a600000, 0x000000070a600000| Untracked 
| 145|0x000000070a700000, 0x000000070a700000, 0x000000070a800000|  0%| F|  |TAMS 0x000000070a700000, 0x000000070a700000| Untracked 
| 146|0x000000070a800000, 0x000000070a800000, 0x000000070a900000|  0%| F|  |TAMS 0x000000070a800000, 0x000000070a800000| Untracked 
| 147|0x000000070a900000, 0x000000070a900000, 0x000000070aa00000|  0%| F|  |TAMS 0x000000070a900000, 0x000000070a900000| Untracked 
| 148|0x000000070aa00000, 0x000000070aa00000, 0x000000070ab00000|  0%| F|  |TAMS 0x000000070aa00000, 0x000000070aa00000| Untracked 
| 149|0x000000070ab00000, 0x000000070ab00000, 0x000000070ac00000|  0%| F|  |TAMS 0x000000070ab00000, 0x000000070ab00000| Untracked 
| 150|0x000000070ac00000, 0x000000070ac00000, 0x000000070ad00000|  0%| F|  |TAMS 0x000000070ac00000, 0x000000070ac00000| Untracked 
| 151|0x000000070ad00000, 0x000000070ad00000, 0x000000070ae00000|  0%| F|  |TAMS 0x000000070ad00000, 0x000000070ad00000| Untracked 
| 152|0x000000070ae00000, 0x000000070ae00000, 0x000000070af00000|  0%| F|  |TAMS 0x000000070ae00000, 0x000000070ae00000| Untracked 
| 153|0x000000070af00000, 0x000000070af00000, 0x000000070b000000|  0%| F|  |TAMS 0x000000070af00000, 0x000000070af00000| Untracked 
| 154|0x000000070b000000, 0x000000070b000000, 0x000000070b100000|  0%| F|  |TAMS 0x000000070b000000, 0x000000070b000000| Untracked 
| 155|0x000000070b100000, 0x000000070b100000, 0x000000070b200000|  0%| F|  |TAMS 0x000000070b100000, 0x000000070b100000| Untracked 
| 156|0x000000070b200000, 0x000000070b200000, 0x000000070b300000|  0%| F|  |TAMS 0x000000070b200000, 0x000000070b200000| Untracked 
| 157|0x000000070b300000, 0x000000070b300000, 0x000000070b400000|  0%| F|  |TAMS 0x000000070b300000, 0x000000070b300000| Untracked 
| 158|0x000000070b400000, 0x000000070b400000, 0x000000070b500000|  0%| F|  |TAMS 0x000000070b400000, 0x000000070b400000| Untracked 
| 159|0x000000070b500000, 0x000000070b500000, 0x000000070b600000|  0%| F|  |TAMS 0x000000070b500000, 0x000000070b500000| Untracked 
| 160|0x000000070b600000, 0x000000070b600000, 0x000000070b700000|  0%| F|  |TAMS 0x000000070b600000, 0x000000070b600000| Untracked 
| 161|0x000000070b700000, 0x000000070b700000, 0x000000070b800000|  0%| F|  |TAMS 0x000000070b700000, 0x000000070b700000| Untracked 
| 162|0x000000070b800000, 0x000000070b800000, 0x000000070b900000|  0%| F|  |TAMS 0x000000070b800000, 0x000000070b800000| Untracked 
| 163|0x000000070b900000, 0x000000070b900000, 0x000000070ba00000|  0%| F|  |TAMS 0x000000070b900000, 0x000000070b900000| Untracked 
| 164|0x000000070ba00000, 0x000000070ba00000, 0x000000070bb00000|  0%| F|  |TAMS 0x000000070ba00000, 0x000000070ba00000| Untracked 
| 165|0x000000070bb00000, 0x000000070bb00000, 0x000000070bc00000|  0%| F|  |TAMS 0x000000070bb00000, 0x000000070bb00000| Untracked 
| 166|0x000000070bc00000, 0x000000070bc00000, 0x000000070bd00000|  0%| F|  |TAMS 0x000000070bc00000, 0x000000070bc00000| Untracked 
| 167|0x000000070bd00000, 0x000000070bd00000, 0x000000070be00000|  0%| F|  |TAMS 0x000000070bd00000, 0x000000070bd00000| Untracked 
| 168|0x000000070be00000, 0x000000070be00000, 0x000000070bf00000|  0%| F|  |TAMS 0x000000070be00000, 0x000000070be00000| Untracked 
| 169|0x000000070bf00000, 0x000000070bf00000, 0x000000070c000000|  0%| F|  |TAMS 0x000000070bf00000, 0x000000070bf00000| Untracked 
| 170|0x000000070c000000, 0x000000070c000000, 0x000000070c100000|  0%| F|  |TAMS 0x000000070c000000, 0x000000070c000000| Untracked 
| 171|0x000000070c100000, 0x000000070c100000, 0x000000070c200000|  0%| F|  |TAMS 0x000000070c100000, 0x000000070c100000| Untracked 
| 172|0x000000070c200000, 0x000000070c200000, 0x000000070c300000|  0%| F|  |TAMS 0x000000070c200000, 0x000000070c200000| Untracked 
| 173|0x000000070c300000, 0x000000070c300000, 0x000000070c400000|  0%| F|  |TAMS 0x000000070c300000, 0x000000070c300000| Untracked 
| 174|0x000000070c400000, 0x000000070c400000, 0x000000070c500000|  0%| F|  |TAMS 0x000000070c400000, 0x000000070c400000| Untracked 
| 175|0x000000070c500000, 0x000000070c500000, 0x000000070c600000|  0%| F|  |TAMS 0x000000070c500000, 0x000000070c500000| Untracked 
| 176|0x000000070c600000, 0x000000070c600000, 0x000000070c700000|  0%| F|  |TAMS 0x000000070c600000, 0x000000070c600000| Untracked 
| 177|0x000000070c700000, 0x000000070c700000, 0x000000070c800000|  0%| F|  |TAMS 0x000000070c700000, 0x000000070c700000| Untracked 
| 178|0x000000070c800000, 0x000000070c800000, 0x000000070c900000|  0%| F|  |TAMS 0x000000070c800000, 0x000000070c800000| Untracked 
| 179|0x000000070c900000, 0x000000070c900000, 0x000000070ca00000|  0%| F|  |TAMS 0x000000070c900000, 0x000000070c900000| Untracked 
| 180|0x000000070ca00000, 0x000000070ca00000, 0x000000070cb00000|  0%| F|  |TAMS 0x000000070ca00000, 0x000000070ca00000| Untracked 
| 181|0x000000070cb00000, 0x000000070cb00000, 0x000000070cc00000|  0%| F|  |TAMS 0x000000070cb00000, 0x000000070cb00000| Untracked 
| 182|0x000000070cc00000, 0x000000070cc00000, 0x000000070cd00000|  0%| F|  |TAMS 0x000000070cc00000, 0x000000070cc00000| Untracked 
| 183|0x000000070cd00000, 0x000000070cd00000, 0x000000070ce00000|  0%| F|  |TAMS 0x000000070cd00000, 0x000000070cd00000| Untracked 
| 184|0x000000070ce00000, 0x000000070ce00000, 0x000000070cf00000|  0%| F|  |TAMS 0x000000070ce00000, 0x000000070ce00000| Untracked 
| 185|0x000000070cf00000, 0x000000070cf00000, 0x000000070d000000|  0%| F|  |TAMS 0x000000070cf00000, 0x000000070cf00000| Untracked 
| 186|0x000000070d000000, 0x000000070d000000, 0x000000070d100000|  0%| F|  |TAMS 0x000000070d000000, 0x000000070d000000| Untracked 
| 187|0x000000070d100000, 0x000000070d100000, 0x000000070d200000|  0%| F|  |TAMS 0x000000070d100000, 0x000000070d100000| Untracked 
| 188|0x000000070d200000, 0x000000070d200000, 0x000000070d300000|  0%| F|  |TAMS 0x000000070d200000, 0x000000070d200000| Untracked 
| 189|0x000000070d300000, 0x000000070d300000, 0x000000070d400000|  0%| F|  |TAMS 0x000000070d300000, 0x000000070d300000| Untracked 
| 190|0x000000070d400000, 0x000000070d400000, 0x000000070d500000|  0%| F|  |TAMS 0x000000070d400000, 0x000000070d400000| Untracked 
| 191|0x000000070d500000, 0x000000070d500000, 0x000000070d600000|  0%| F|  |TAMS 0x000000070d500000, 0x000000070d500000| Untracked 
| 192|0x000000070d600000, 0x000000070d600000, 0x000000070d700000|  0%| F|  |TAMS 0x000000070d600000, 0x000000070d600000| Untracked 
| 193|0x000000070d700000, 0x000000070d700000, 0x000000070d800000|  0%| F|  |TAMS 0x000000070d700000, 0x000000070d700000| Untracked 
| 194|0x000000070d800000, 0x000000070d800000, 0x000000070d900000|  0%| F|  |TAMS 0x000000070d800000, 0x000000070d800000| Untracked 
| 195|0x000000070d900000, 0x000000070d900000, 0x000000070da00000|  0%| F|  |TAMS 0x000000070d900000, 0x000000070d900000| Untracked 
| 196|0x000000070da00000, 0x000000070da00000, 0x000000070db00000|  0%| F|  |TAMS 0x000000070da00000, 0x000000070da00000| Untracked 
| 197|0x000000070db00000, 0x000000070db00000, 0x000000070dc00000|  0%| F|  |TAMS 0x000000070db00000, 0x000000070db00000| Untracked 
| 198|0x000000070dc00000, 0x000000070dc00000, 0x000000070dd00000|  0%| F|  |TAMS 0x000000070dc00000, 0x000000070dc00000| Untracked 
| 199|0x000000070dd00000, 0x000000070dd00000, 0x000000070de00000|  0%| F|  |TAMS 0x000000070dd00000, 0x000000070dd00000| Untracked 
| 200|0x000000070de00000, 0x000000070de00000, 0x000000070df00000|  0%| F|  |TAMS 0x000000070de00000, 0x000000070de00000| Untracked 
| 201|0x000000070df00000, 0x000000070df00000, 0x000000070e000000|  0%| F|  |TAMS 0x000000070df00000, 0x000000070df00000| Untracked 
| 202|0x000000070e000000, 0x000000070e000000, 0x000000070e100000|  0%| F|  |TAMS 0x000000070e000000, 0x000000070e000000| Untracked 
| 203|0x000000070e100000, 0x000000070e100000, 0x000000070e200000|  0%| F|  |TAMS 0x000000070e100000, 0x000000070e100000| Untracked 
| 204|0x000000070e200000, 0x000000070e200000, 0x000000070e300000|  0%| F|  |TAMS 0x000000070e200000, 0x000000070e200000| Untracked 
| 205|0x000000070e300000, 0x000000070e300000, 0x000000070e400000|  0%| F|  |TAMS 0x000000070e300000, 0x000000070e300000| Untracked 
| 206|0x000000070e400000, 0x000000070e400000, 0x000000070e500000|  0%| F|  |TAMS 0x000000070e400000, 0x000000070e400000| Untracked 
| 207|0x000000070e500000, 0x000000070e500000, 0x000000070e600000|  0%| F|  |TAMS 0x000000070e500000, 0x000000070e500000| Untracked 
| 208|0x000000070e600000, 0x000000070e600000, 0x000000070e700000|  0%| F|  |TAMS 0x000000070e600000, 0x000000070e600000| Untracked 
| 209|0x000000070e700000, 0x000000070e700000, 0x000000070e800000|  0%| F|  |TAMS 0x000000070e700000, 0x000000070e700000| Untracked 
| 210|0x000000070e800000, 0x000000070e800000, 0x000000070e900000|  0%| F|  |TAMS 0x000000070e800000, 0x000000070e800000| Untracked 
| 211|0x000000070e900000, 0x000000070e900000, 0x000000070ea00000|  0%| F|  |TAMS 0x000000070e900000, 0x000000070e900000| Untracked 
| 212|0x000000070ea00000, 0x000000070ea00000, 0x000000070eb00000|  0%| F|  |TAMS 0x000000070ea00000, 0x000000070ea00000| Untracked 
| 213|0x000000070eb00000, 0x000000070eb00000, 0x000000070ec00000|  0%| F|  |TAMS 0x000000070eb00000, 0x000000070eb00000| Untracked 
| 214|0x000000070ec00000, 0x000000070ec00000, 0x000000070ed00000|  0%| F|  |TAMS 0x000000070ec00000, 0x000000070ec00000| Untracked 
| 215|0x000000070ed00000, 0x000000070ed00000, 0x000000070ee00000|  0%| F|  |TAMS 0x000000070ed00000, 0x000000070ed00000| Untracked 
| 216|0x000000070ee00000, 0x000000070ee00000, 0x000000070ef00000|  0%| F|  |TAMS 0x000000070ee00000, 0x000000070ee00000| Untracked 
| 217|0x000000070ef00000, 0x000000070ef00000, 0x000000070f000000|  0%| F|  |TAMS 0x000000070ef00000, 0x000000070ef00000| Untracked 
| 218|0x000000070f000000, 0x000000070f000000, 0x000000070f100000|  0%| F|  |TAMS 0x000000070f000000, 0x000000070f000000| Untracked 
| 219|0x000000070f100000, 0x000000070f100000, 0x000000070f200000|  0%| F|  |TAMS 0x000000070f100000, 0x000000070f100000| Untracked 
| 220|0x000000070f200000, 0x000000070f200000, 0x000000070f300000|  0%| F|  |TAMS 0x000000070f200000, 0x000000070f200000| Untracked 
| 221|0x000000070f300000, 0x000000070f300000, 0x000000070f400000|  0%| F|  |TAMS 0x000000070f300000, 0x000000070f300000| Untracked 
| 222|0x000000070f400000, 0x000000070f400000, 0x000000070f500000|  0%| F|  |TAMS 0x000000070f400000, 0x000000070f400000| Untracked 
| 223|0x000000070f500000, 0x000000070f500000, 0x000000070f600000|  0%| F|  |TAMS 0x000000070f500000, 0x000000070f500000| Untracked 
| 224|0x000000070f600000, 0x000000070f600000, 0x000000070f700000|  0%| F|  |TAMS 0x000000070f600000, 0x000000070f600000| Untracked 
| 225|0x000000070f700000, 0x000000070f700000, 0x000000070f800000|  0%| F|  |TAMS 0x000000070f700000, 0x000000070f700000| Untracked 
| 226|0x000000070f800000, 0x000000070f800000, 0x000000070f900000|  0%| F|  |TAMS 0x000000070f800000, 0x000000070f800000| Untracked 
| 227|0x000000070f900000, 0x000000070f900000, 0x000000070fa00000|  0%| F|  |TAMS 0x000000070f900000, 0x000000070f900000| Untracked 
| 228|0x000000070fa00000, 0x000000070fa00000, 0x000000070fb00000|  0%| F|  |TAMS 0x000000070fa00000, 0x000000070fa00000| Untracked 
| 229|0x000000070fb00000, 0x000000070fb00000, 0x000000070fc00000|  0%| F|  |TAMS 0x000000070fb00000, 0x000000070fb00000| Untracked 
| 230|0x000000070fc00000, 0x000000070fc00000, 0x000000070fd00000|  0%| F|  |TAMS 0x000000070fc00000, 0x000000070fc00000| Untracked 
| 231|0x000000070fd00000, 0x000000070fd00000, 0x000000070fe00000|  0%| F|  |TAMS 0x000000070fd00000, 0x000000070fd00000| Untracked 
| 232|0x000000070fe00000, 0x000000070fe00000, 0x000000070ff00000|  0%| F|  |TAMS 0x000000070fe00000, 0x000000070fe00000| Untracked 
| 233|0x000000070ff00000, 0x000000070ff00000, 0x0000000710000000|  0%| F|  |TAMS 0x000000070ff00000, 0x000000070ff00000| Untracked 
| 234|0x0000000710000000, 0x0000000710000000, 0x0000000710100000|  0%| F|  |TAMS 0x0000000710000000, 0x0000000710000000| Untracked 
| 235|0x0000000710100000, 0x0000000710100000, 0x0000000710200000|  0%| F|  |TAMS 0x0000000710100000, 0x0000000710100000| Untracked 
| 236|0x0000000710200000, 0x0000000710200000, 0x0000000710300000|  0%| F|  |TAMS 0x0000000710200000, 0x0000000710200000| Untracked 
| 237|0x0000000710300000, 0x00000007103b8ea0, 0x0000000710400000| 72%| S|CS|TAMS 0x0000000710300000, 0x0000000710300000| Complete 
| 238|0x0000000710400000, 0x0000000710500000, 0x0000000710500000|100%| S|CS|TAMS 0x0000000710400000, 0x0000000710400000| Complete 
| 239|0x0000000710500000, 0x0000000710600000, 0x0000000710600000|100%| S|CS|TAMS 0x0000000710500000, 0x0000000710500000| Complete 
| 240|0x0000000710600000, 0x0000000710700000, 0x0000000710700000|100%| S|CS|TAMS 0x0000000710600000, 0x0000000710600000| Complete 
| 241|0x0000000710700000, 0x0000000710800000, 0x0000000710800000|100%| S|CS|TAMS 0x0000000710700000, 0x0000000710700000| Complete 
| 242|0x0000000710800000, 0x0000000710800000, 0x0000000710900000|  0%| F|  |TAMS 0x0000000710800000, 0x0000000710800000| Untracked 
| 243|0x0000000710900000, 0x0000000710900000, 0x0000000710a00000|  0%| F|  |TAMS 0x0000000710900000, 0x0000000710900000| Untracked 
| 244|0x0000000710a00000, 0x0000000710a00000, 0x0000000710b00000|  0%| F|  |TAMS 0x0000000710a00000, 0x0000000710a00000| Untracked 
| 245|0x0000000710b00000, 0x0000000710b00000, 0x0000000710c00000|  0%| F|  |TAMS 0x0000000710b00000, 0x0000000710b00000| Untracked 
| 246|0x0000000710c00000, 0x0000000710c00000, 0x0000000710d00000|  0%| F|  |TAMS 0x0000000710c00000, 0x0000000710c00000| Untracked 
| 247|0x0000000710d00000, 0x0000000710d00000, 0x0000000710e00000|  0%| F|  |TAMS 0x0000000710d00000, 0x0000000710d00000| Untracked 
| 248|0x0000000710e00000, 0x0000000710e00000, 0x0000000710f00000|  0%| F|  |TAMS 0x0000000710e00000, 0x0000000710e00000| Untracked 
| 249|0x0000000710f00000, 0x0000000710f00000, 0x0000000711000000|  0%| F|  |TAMS 0x0000000710f00000, 0x0000000710f00000| Untracked 
| 250|0x0000000711000000, 0x0000000711000000, 0x0000000711100000|  0%| F|  |TAMS 0x0000000711000000, 0x0000000711000000| Untracked 
| 251|0x0000000711100000, 0x0000000711100000, 0x0000000711200000|  0%| F|  |TAMS 0x0000000711100000, 0x0000000711100000| Untracked 
| 252|0x0000000711200000, 0x0000000711200800, 0x0000000711300000|  0%| E|  |TAMS 0x0000000711200000, 0x0000000711200000| Complete 
| 253|0x0000000711300000, 0x0000000711400000, 0x0000000711400000|100%| E|CS|TAMS 0x0000000711300000, 0x0000000711300000| Complete 
| 254|0x0000000711400000, 0x0000000711500000, 0x0000000711500000|100%| E|CS|TAMS 0x0000000711400000, 0x0000000711400000| Complete 
| 255|0x0000000711500000, 0x0000000711600000, 0x0000000711600000|100%| E|CS|TAMS 0x0000000711500000, 0x0000000711500000| Complete 

Card table byte_map: [0x0000019614240000,0x0000019614a40000] _byte_map_base: 0x0000019610a35000

Marking Bits (Prev, Next): (CMBitMap*) 0x0000019600899938, (CMBitMap*) 0x0000019600899978
 Prev Bits: [0x0000019615240000, 0x00000196191e8000)
 Next Bits: [0x00000196191f0000, 0x000001961d198000)

Polling page: 0x0000019600000000

Metaspace:

Usage:
  Non-class:     15.28 MB capacity,    15.10 MB ( 99%) used,   152.39 KB ( <1%) free+waste,    31.13 KB ( <1%) overhead. 
      Class:      1.85 MB capacity,     1.73 MB ( 94%) used,   100.90 KB (  5%) free+waste,    16.44 KB ( <1%) overhead. 
       Both:     17.13 MB capacity,    16.84 MB ( 98%) used,   253.29 KB (  1%) free+waste,    47.56 KB ( <1%) overhead. 

Virtual space:
  Non-class space:       16.00 MB reserved,      15.50 MB ( 97%) committed 
      Class space:        1.00 GB reserved,       1.88 MB ( <1%) committed 
             Both:        1.02 GB reserved,      17.38 MB (  2%) committed 

Chunk freelists:
   Non-Class:  32.00 KB
       Class:  28.00 KB
        Both:  60.00 KB

MaxMetaspaceSize: 17179869184.00 GB
CompressedClassSpaceSize: 1.00 GB

CodeHeap 'non-profiled nmethods': size=120000Kb used=782Kb max_used=782Kb free=119218Kb
 bounds [0x000001960bfc0000, 0x000001960c230000, 0x00000196134f0000]
CodeHeap 'profiled nmethods': size=120000Kb used=2996Kb max_used=2996Kb free=117003Kb
 bounds [0x0000019604a90000, 0x0000019604d80000, 0x000001960bfc0000]
CodeHeap 'non-nmethods': size=5760Kb used=1310Kb max_used=1334Kb free=4449Kb
 bounds [0x00000196044f0000, 0x0000019604760000, 0x0000019604a90000]
 total_blobs=2336 nmethods=1736 adapters=512
 compilation: enabled
              stopped_count=0, restarted_count=0
 full_count=0

Compilation events (20 events):
Event: 2.915 Thread 0x0000019620877800 1728       1       java.text.NumberFormat::getMinimumFractionDigits (5 bytes)
Event: 2.915 Thread 0x0000019620877800 nmethod 1728 0x000001960c081a10 code [0x000001960c081ba0, 0x000001960c081c58]
Event: 2.915 Thread 0x0000019620877800 1729       1       java.text.NumberFormat::setGroupingUsed (6 bytes)
Event: 2.915 Thread 0x0000019620877800 nmethod 1729 0x000001960c081d10 code [0x000001960c081ea0, 0x000001960c081f58]
Event: 2.915 Thread 0x0000019620877800 1730       1       java.text.DecimalFormatSymbols::getGroupingSeparator (5 bytes)
Event: 2.915 Thread 0x0000019620877800 nmethod 1730 0x000001960c082010 code [0x000001960c0821a0, 0x000001960c082258]
Event: 2.915 Thread 0x0000019620877800 1731       1       java.text.DecimalFormatSymbols::getDecimalSeparator (5 bytes)
Event: 2.915 Thread 0x0000019620877800 nmethod 1731 0x000001960c082310 code [0x000001960c0824a0, 0x000001960c082558]
Event: 2.915 Thread 0x0000019620877800 1732       1       java.text.DecimalFormatSymbols::getNaN (5 bytes)
Event: 2.915 Thread 0x0000019620877800 nmethod 1732 0x000001960c082610 code [0x000001960c0827a0, 0x000001960c082858]
Event: 2.915 Thread 0x0000019620877800 1733       1       java.text.DecimalFormatSymbols::getInfinity (5 bytes)
Event: 2.915 Thread 0x0000019620877800 nmethod 1733 0x000001960c082910 code [0x000001960c082aa0, 0x000001960c082b58]
Event: 2.915 Thread 0x0000019620877800 1734       1       java.text.DecimalFormat::getPositivePrefix (5 bytes)
Event: 2.916 Thread 0x0000019620877800 nmethod 1734 0x000001960c082c10 code [0x000001960c082da0, 0x000001960c082e58]
Event: 2.916 Thread 0x0000019620877800 1735       1       java.text.DecimalFormat::getNegativePrefix (5 bytes)
Event: 2.916 Thread 0x0000019620877800 nmethod 1735 0x000001960c082f10 code [0x000001960c0830a0, 0x000001960c083158]
Event: 2.916 Thread 0x0000019620877800 1736       1       java.text.DecimalFormat::getPositiveSuffix (5 bytes)
Event: 2.916 Thread 0x0000019620877800 nmethod 1736 0x000001960c083210 code [0x000001960c0833a0, 0x000001960c083458]
Event: 2.916 Thread 0x0000019620877800 1737       1       java.text.DecimalFormat::getNegativeSuffix (5 bytes)
Event: 2.916 Thread 0x0000019620877800 nmethod 1737 0x000001960c083510 code [0x000001960c0836a0, 0x000001960c083758]

GC Heap History (16 events):
Event: 0.382 GC heap before
{Heap before GC invocations=0 (full 0):
 garbage-first heap   total 262144K, used 46080K [0x0000000701600000, 0x0000000800000000)
  region size 1024K, 23 young (23552K), 0 survivors (0K)
 Metaspace       used 10700K, capacity 10864K, committed 11136K, reserved 1058816K
  class space    used 996K, capacity 1044K, committed 1152K, reserved 1048576K
}
Event: 0.384 GC heap after
{Heap after GC invocations=1 (full 0):
 garbage-first heap   total 262144K, used 26510K [0x0000000701600000, 0x0000000800000000)
  region size 1024K, 3 young (3072K), 3 survivors (3072K)
 Metaspace       used 10700K, capacity 10864K, committed 11136K, reserved 1058816K
  class space    used 996K, capacity 1044K, committed 1152K, reserved 1048576K
}
Event: 0.919 GC heap before
{Heap before GC invocations=1 (full 0):
 garbage-first heap   total 262144K, used 136078K [0x0000000701600000, 0x0000000800000000)
  region size 1024K, 35 young (35840K), 3 survivors (3072K)
 Metaspace       used 16170K, capacity 16503K, committed 16768K, reserved 1064960K
  class space    used 1682K, capacity 1825K, committed 1920K, reserved 1048576K
}
Event: 0.921 GC heap after
{Heap after GC invocations=2 (full 0):
 garbage-first heap   total 262144K, used 110175K [0x0000000701600000, 0x0000000800000000)
  region size 1024K, 5 young (5120K), 5 survivors (5120K)
 Metaspace       used 16170K, capacity 16503K, committed 16768K, reserved 1064960K
  class space    used 1682K, capacity 1825K, committed 1920K, reserved 1048576K
}
Event: 0.954 GC heap before
{Heap before GC invocations=2 (full 0):
 garbage-first heap   total 262144K, used 122463K [0x0000000701600000, 0x0000000800000000)
  region size 1024K, 7 young (7168K), 5 survivors (5120K)
 Metaspace       used 16186K, capacity 16567K, committed 16768K, reserved 1064960K
  class space    used 1684K, capacity 1825K, committed 1920K, reserved 1048576K
}
Event: 0.955 GC heap after
{Heap after GC invocations=3 (full 0):
 garbage-first heap   total 262144K, used 120996K [0x0000000701600000, 0x0000000800000000)
  region size 1024K, 5 young (5120K), 5 survivors (5120K)
 Metaspace       used 16186K, capacity 16567K, committed 16768K, reserved 1064960K
  class space    used 1684K, capacity 1825K, committed 1920K, reserved 1048576K
}
Event: 0.972 GC heap before
{Heap before GC invocations=4 (full 0):
 garbage-first heap   total 262144K, used 129188K [0x0000000701600000, 0x0000000800000000)
  region size 1024K, 7 young (7168K), 5 survivors (5120K)
 Metaspace       used 16186K, capacity 16567K, committed 16768K, reserved 1064960K
  class space    used 1684K, capacity 1825K, committed 1920K, reserved 1048576K
}
Event: 0.973 GC heap after
{Heap after GC invocations=5 (full 0):
 garbage-first heap   total 262144K, used 126201K [0x0000000701600000, 0x0000000800000000)
  region size 1024K, 5 young (5120K), 5 survivors (5120K)
 Metaspace       used 16186K, capacity 16567K, committed 16768K, reserved 1064960K
  class space    used 1684K, capacity 1825K, committed 1920K, reserved 1048576K
}
Event: 1.432 GC heap before
{Heap before GC invocations=6 (full 0):
 garbage-first heap   total 262144K, used 150777K [0x0000000701600000, 0x0000000800000000)
  region size 1024K, 8 young (8192K), 5 survivors (5120K)
 Metaspace       used 16313K, capacity 16696K, committed 17024K, reserved 1064960K
  class space    used 1693K, capacity 1825K, committed 1920K, reserved 1048576K
}
Event: 1.433 GC heap after
{Heap after GC invocations=7 (full 0):
 garbage-first heap   total 262144K, used 112818K [0x0000000701600000, 0x0000000800000000)
  region size 1024K, 5 young (5120K), 5 survivors (5120K)
 Metaspace       used 16313K, capacity 16696K, committed 17024K, reserved 1064960K
  class space    used 1693K, capacity 1825K, committed 1920K, reserved 1048576K
}
Event: 2.056 GC heap before
{Heap before GC invocations=8 (full 0):
 garbage-first heap   total 262144K, used 145586K [0x0000000701600000, 0x0000000800000000)
  region size 1024K, 12 young (12288K), 5 survivors (5120K)
 Metaspace       used 16990K, capacity 17346K, committed 17536K, reserved 1064960K
  class space    used 1756K, capacity 1892K, committed 1920K, reserved 1048576K
}
Event: 2.057 GC heap after
{Heap after GC invocations=9 (full 0):
 garbage-first heap   total 262144K, used 109867K [0x0000000701600000, 0x0000000800000000)
  region size 1024K, 5 young (5120K), 5 survivors (5120K)
 Metaspace       used 16990K, capacity 17346K, committed 17536K, reserved 1064960K
  class space    used 1756K, capacity 1892K, committed 1920K, reserved 1048576K
}
Event: 2.080 GC heap before
{Heap before GC invocations=10 (full 0):
 garbage-first heap   total 262144K, used 127275K [0x0000000701600000, 0x0000000800000000)
  region size 1024K, 7 young (7168K), 5 survivors (5120K)
 Metaspace       used 16999K, capacity 17346K, committed 17536K, reserved 1064960K
  class space    used 1757K, capacity 1892K, committed 1920K, reserved 1048576K
}
Event: 2.082 GC heap after
{Heap after GC invocations=11 (full 0):
 garbage-first heap   total 262144K, used 126263K [0x0000000701600000, 0x0000000800000000)
  region size 1024K, 5 young (5120K), 5 survivors (5120K)
 Metaspace       used 16999K, capacity 17346K, committed 17536K, reserved 1064960K
  class space    used 1757K, capacity 1892K, committed 1920K, reserved 1048576K
}
Event: 2.784 GC heap before
{Heap before GC invocations=12 (full 0):
 garbage-first heap   total 262144K, used 150839K [0x0000000701600000, 0x0000000800000000)
  region size 1024K, 14 young (14336K), 5 survivors (5120K)
 Metaspace       used 17143K, capacity 17476K, committed 17536K, reserved 1064960K
  class space    used 1757K, capacity 1892K, committed 1920K, reserved 1048576K
}
Event: 2.786 GC heap after
{Heap after GC invocations=13 (full 0):
 garbage-first heap   total 262144K, used 99650K [0x0000000701600000, 0x0000000800000000)
  region size 1024K, 5 young (5120K), 5 survivors (5120K)
 Metaspace       used 17143K, capacity 17476K, committed 17536K, reserved 1064960K
  class space    used 1757K, capacity 1892K, committed 1920K, reserved 1048576K
}

Deoptimization events (20 events):
Event: 2.816 Thread 0x00000196223e0800 Uncommon trap: trap_request=0xffffffde fr.pc=0x000001960c06c354 relative=0x00000000000005b4
Event: 2.816 Thread 0x00000196223e0800 Uncommon trap: reason=class_check action=maybe_recompile pc=0x000001960c06c354 method=sun.java2d.SunGraphics2D.drawImage(Ljava/awt/Image;IIIILjava/awt/Color;Ljava/awt/image/ImageObserver;)Z @ 119 c2
Event: 2.816 Thread 0x00000196223e0800 DEOPT PACKING pc=0x000001960c06c354 sp=0x000000328a0fe880
Event: 2.816 Thread 0x00000196223e0800 DEOPT UNPACKING pc=0x000001960453912f sp=0x000000328a0fe7b0 mode 2
Event: 2.816 Thread 0x00000196223e0800 Uncommon trap: trap_request=0xffffff45 fr.pc=0x000001960c065fa0 relative=0x0000000000000460
Event: 2.816 Thread 0x00000196223e0800 Uncommon trap: reason=unstable_if action=reinterpret pc=0x000001960c065fa0 method=sun.java2d.pipe.DrawImage.isSimpleTranslate(Lsun/java2d/SunGraphics2D;)Z @ 7 c2
Event: 2.816 Thread 0x00000196223e0800 DEOPT PACKING pc=0x000001960c065fa0 sp=0x000000328a0fe680
Event: 2.816 Thread 0x00000196223e0800 DEOPT UNPACKING pc=0x000001960453912f sp=0x000000328a0fe518 mode 2
Event: 2.816 Thread 0x00000196223e0800 Uncommon trap: trap_request=0xffffff45 fr.pc=0x000001960c06c4f8 relative=0x0000000000000758
Event: 2.816 Thread 0x00000196223e0800 Uncommon trap: reason=unstable_if action=reinterpret pc=0x000001960c06c4f8 method=sun.java2d.pipe.DrawImage.isSimpleTranslate(Lsun/java2d/SunGraphics2D;)Z @ 7 c2
Event: 2.816 Thread 0x00000196223e0800 DEOPT PACKING pc=0x000001960c06c4f8 sp=0x000000328a0fe880
Event: 2.816 Thread 0x00000196223e0800 DEOPT UNPACKING pc=0x000001960453912f sp=0x000000328a0fe5e8 mode 2
Event: 2.816 Thread 0x00000196223e0800 Uncommon trap: trap_request=0xffffff45 fr.pc=0x000001960c0761b0 relative=0x0000000000000790
Event: 2.816 Thread 0x00000196223e0800 Uncommon trap: reason=unstable_if action=reinterpret pc=0x000001960c0761b0 method=sun.java2d.pipe.DrawImage.isSimpleTranslate(Lsun/java2d/SunGraphics2D;)Z @ 7 c2
Event: 2.816 Thread 0x00000196223e0800 DEOPT PACKING pc=0x000001960c0761b0 sp=0x000000328a0fe7e0
Event: 2.816 Thread 0x00000196223e0800 DEOPT UNPACKING pc=0x000001960453912f sp=0x000000328a0fe5f0 mode 2
Event: 2.816 Thread 0x00000196223e0800 Uncommon trap: trap_request=0xffffff45 fr.pc=0x000001960c06530c relative=0x00000000000003cc
Event: 2.816 Thread 0x00000196223e0800 Uncommon trap: reason=unstable_if action=reinterpret pc=0x000001960c06530c method=sun.java2d.pipe.DrawImage.isSimpleTranslate(Lsun/java2d/SunGraphics2D;)Z @ 7 c2
Event: 2.816 Thread 0x00000196223e0800 DEOPT PACKING pc=0x000001960c06530c sp=0x000000328a0fe6b0
Event: 2.816 Thread 0x00000196223e0800 DEOPT UNPACKING pc=0x000001960453912f sp=0x000000328a0fe5f0 mode 2

Classes unloaded (0 events):
No events

Classes redefined (0 events):
No events

Internal exceptions (19 events):
Event: 0.114 Thread 0x0000019600831000 Exception <a 'java/lang/ClassNotFoundException'{0x0000000711305788}: sun/awt/resources/spi/awtProvider> (0x0000000711305788) 
thrown [./open/src/hotspot/share/classfile/systemDictionary.cpp, line 226]
Event: 0.135 Thread 0x0000019600831000 Exception <a 'java/io/FileNotFoundException'{0x000000071135a108}> (0x000000071135a108) 
thrown [./open/src/hotspot/share/prims/jni.cpp, line 599]
Event: 0.139 Thread 0x0000019600831000 Exception <a 'java/io/FileNotFoundException'{0x0000000711380680}> (0x0000000711380680) 
thrown [./open/src/hotspot/share/prims/jni.cpp, line 599]
Event: 0.161 Thread 0x0000019600831000 Exception <a 'java/lang/NoSuchMethodError'{0x00000007113e4688}: 'int java.lang.invoke.DirectMethodHandle$Holder.invokeSpecialIFC(java.lang.Object, java.lang.Object, int)'> (0x00000007113e4688) 
thrown [./open/src/hotspot/share/interpreter/linkResolver.cpp, line 766]
Event: 0.198 Thread 0x0000019600831000 Exception <a 'java/lang/NoSuchMethodError'{0x00000007112ddd60}: 'java.lang.Object java.lang.invoke.DirectMethodHandle$Holder.invokeStaticInit(java.lang.Object, int, int, int, int)'> (0x00000007112ddd60) 
thrown [./open/src/hotspot/share/interpreter/linkResolver.cpp, line 766]
Event: 0.225 Thread 0x0000019600831000 Exception <a 'java/lang/NoSuchMethodError'{0x00000007111778e0}: 'java.lang.Object java.lang.invoke.DirectMethodHandle$Holder.invokeStaticInit(java.lang.Object, java.lang.Object, int, int, int, int)'> (0x00000007111778e0) 
thrown [./open/src/hotspot/share/interpreter/linkResolver.cpp, line 766]
Event: 0.501 Thread 0x0000019600831000 Implicit null exception at 0x000001960c004ec0 to 0x000001960c0051a8
Event: 0.525 Thread 0x0000019600831000 Exception <a 'java/io/FileNotFoundException'{0x00000007108f90d0}> (0x00000007108f90d0) 
thrown [./open/src/hotspot/share/prims/jni.cpp, line 599]
Event: 0.606 Thread 0x0000019620f32800 Exception <a 'java/lang/NoSuchMethodError'{0x000000070f704fa0}: 'void java.lang.invoke.DirectMethodHandle$Holder.invokeSpecial(java.lang.Object, java.lang.Object)'> (0x000000070f704fa0) 
thrown [./open/src/hotspot/share/interpreter/linkResolver.cpp, line 766]
Event: 0.768 Thread 0x0000019600831000 Exception <a 'java/lang/NoSuchMethodError'{0x000000070f55d678}: 'java.lang.Object java.lang.invoke.DirectMethodHandle$Holder.invokeStatic(java.lang.Object, int, java.lang.Object, java.lang.Object, java.lang.Object, java.lang.Object)'> (0x000000070f55d678) 
thrown [./open/src/hotspot/share/interpreter/linkResolver.cpp, line 766]
Event: 0.768 Thread 0x0000019600831000 Exception <a 'java/lang/NoSuchMethodError'{0x000000070f563f98}: 'java.lang.Object java.lang.invoke.DirectMethodHandle$Holder.invokeStatic(java.lang.Object, int, java.lang.Object, java.lang.Object, java.lang.Object)'> (0x000000070f563f98) 
thrown [./open/src/hotspot/share/interpreter/linkResolver.cpp, line 766]
Event: 0.768 Thread 0x0000019600831000 Exception <a 'java/lang/NoSuchMethodError'{0x000000070f5677e8}: 'java.lang.Object java.lang.invoke.DirectMethodHandle$Holder.invokeSpecial(java.lang.Object, java.lang.Object, int, java.lang.Object, java.lang.Object, java.lang.Object)'> (0x000000070f5677e8) 
thrown [./open/src/hotspot/share/interpreter/linkResolver.cpp, line 766]
Event: 0.770 Thread 0x0000019600831000 Exception <a 'java/lang/NoSuchMethodError'{0x000000070f57dac0}: 'java.lang.Object java.lang.invoke.DirectMethodHandle$Holder.invokeStatic(java.lang.Object, int, java.lang.Object)'> (0x000000070f57dac0) 
thrown [./open/src/hotspot/share/interpreter/linkResolver.cpp, line 766]
Event: 0.782 Thread 0x0000019600831000 Exception <a 'java/lang/ClassNotFoundException'{0x000000070f4249f8}: com/sun/swing/internal/plaf/metal/resources/spi/metalProvider> (0x000000070f4249f8) 
thrown [./open/src/hotspot/share/classfile/systemDictionary.cpp, line 226]
Event: 0.783 Thread 0x0000019600831000 Exception <a 'java/lang/ClassNotFoundException'{0x000000070f428ad0}: com/sun/swing/internal/plaf/basic/resources/spi/basicProvider> (0x000000070f428ad0) 
thrown [./open/src/hotspot/share/classfile/systemDictionary.cpp, line 226]
Event: 0.796 Thread 0x0000019600831000 Exception <a 'java/lang/NoSuchMethodError'{0x000000070f44a790}: 'void java.lang.invoke.DirectMethodHandle$Holder.invokeStaticInit(java.lang.Object)'> (0x000000070f44a790) 
thrown [./open/src/hotspot/share/interpreter/linkResolver.cpp, line 766]
Event: 0.814 Thread 0x0000019600831000 Exception <a 'java/lang/NoSuchMethodError'{0x000000070f4f7010}: 'java.lang.Object java.lang.invoke.Invokers$Holder.linkToTargetMethod(java.lang.Object, int, java.lang.Object)'> (0x000000070f4f7010) 
thrown [./open/src/hotspot/share/interpreter/linkResolver.cpp, line 766]
Event: 1.539 Thread 0x00000196223e0800 Exception <a 'java/lang/NoSuchMethodError'{0x00000007115507b8}: 'void java.lang.invoke.DirectMethodHandle$Holder.invokeSpecialIFC(java.lang.Object, java.lang.Object, java.lang.Object)'> (0x00000007115507b8) 
thrown [./open/src/hotspot/share/interpreter/linkResolver.cpp, line 766]
Event: 2.799 Thread 0x00000196223e0800 Implicit null exception at 0x000001960c06f5bb to 0x000001960c0713e0

Events (20 events):
Event: 2.805 loading class javax/swing/Popup$HeavyWeightWindow
Event: 2.805 loading class sun/awt/ModalExclude
Event: 2.805 loading class sun/awt/ModalExclude done
Event: 2.805 loading class javax/swing/JWindow
Event: 2.805 loading class javax/swing/JWindow done
Event: 2.805 loading class javax/swing/Popup$HeavyWeightWindow done
Event: 2.899 Executing VM operation: HandshakeOneThread
Event: 2.899 Executing VM operation: HandshakeOneThread done
Event: 2.899 Thread 0x0000019622aa4000 Thread added: 0x0000019622aa4000
Event: 2.899 Thread 0x0000019622aa1000 Thread added: 0x0000019622aa1000
Event: 2.899 Thread 0x0000019622a9e800 Thread added: 0x0000019622a9e800
Event: 2.899 Thread 0x0000019622aa1000 Thread exited: 0x0000019622aa1000
Event: 2.899 loading class java/util/WeakHashMap$KeyIterator
Event: 2.899 Executing VM operation: HandshakeOneThread
Event: 2.899 Executing VM operation: HandshakeOneThread done
Event: 2.899 loading class java/util/WeakHashMap$HashIterator
Event: 2.899 Thread 0x000001962241b000 Thread exited: 0x000001962241b000
Event: 2.899 loading class java/util/WeakHashMap$HashIterator done
Event: 2.899 loading class java/util/WeakHashMap$KeyIterator done
Event: 2.899 Thread 0x0000019622a9e800 Thread exited: 0x0000019622a9e800


Dynamic libraries:
0x00007ff764d10000 - 0x00007ff764d1d000 	C:\Users\casqu\.p2\pool\plugins\org.eclipse.justj.openjdk.hotspot.jre.full.win32.x86_64_14.0.2.v20200815-0932\jre\bin\javaw.exe
0x00007ffbd97a0000 - 0x00007ffbd9990000 	C:\Windows\SYSTEM32\ntdll.dll
0x00007ffbd9530000 - 0x00007ffbd95e2000 	C:\Windows\System32\KERNEL32.DLL
0x00007ffbd7080000 - 0x00007ffbd7325000 	C:\Windows\System32\KERNELBASE.dll
0x00007ffbd7720000 - 0x00007ffbd781a000 	C:\Windows\System32\ucrtbase.dll
0x00007ffbd1df0000 - 0x00007ffbd1e08000 	C:\Users\casqu\.p2\pool\plugins\org.eclipse.justj.openjdk.hotspot.jre.full.win32.x86_64_14.0.2.v20200815-0932\jre\bin\jli.dll
0x00007ffbd1dd0000 - 0x00007ffbd1de5000 	C:\Users\casqu\.p2\pool\plugins\org.eclipse.justj.openjdk.hotspot.jre.full.win32.x86_64_14.0.2.v20200815-0932\jre\bin\VCRUNTIME140.dll
0x00007ffbd79c0000 - 0x00007ffbd7b54000 	C:\Windows\System32\USER32.dll
0x00007ffbd7820000 - 0x00007ffbd7841000 	C:\Windows\System32\win32u.dll
0x00007ffbc5120000 - 0x00007ffbc53a4000 	C:\Windows\WinSxS\amd64_microsoft.windows.common-controls_6595b64144ccf1df_6.0.18362.1316_none_9e7a364fe461dbd7\COMCTL32.dll
0x00007ffbd8370000 - 0x00007ffbd8396000 	C:\Windows\System32\GDI32.dll
0x00007ffbd7330000 - 0x00007ffbd74c8000 	C:\Windows\System32\gdi32full.dll
0x00007ffbd8620000 - 0x00007ffbd86be000 	C:\Windows\System32\msvcrt.dll
0x00007ffbd7550000 - 0x00007ffbd75ee000 	C:\Windows\System32\msvcp_win.dll
0x00007ffbd9180000 - 0x00007ffbd94b7000 	C:\Windows\System32\combase.dll
0x00007ffbd8820000 - 0x00007ffbd893f000 	C:\Windows\System32\RPCRT4.dll
0x00007ffbd6ff0000 - 0x00007ffbd7071000 	C:\Windows\System32\bcryptPrimitives.dll
0x00007ffbd9150000 - 0x00007ffbd917e000 	C:\Windows\System32\IMM32.DLL
0x00007ffba7db0000 - 0x00007ffba7e4b000 	C:\Users\casqu\.p2\pool\plugins\org.eclipse.justj.openjdk.hotspot.jre.full.win32.x86_64_14.0.2.v20200815-0932\jre\bin\msvcp140.dll
0x00007ffb92ad0000 - 0x00007ffb935ee000 	C:\Users\casqu\.p2\pool\plugins\org.eclipse.justj.openjdk.hotspot.jre.full.win32.x86_64_14.0.2.v20200815-0932\jre\bin\server\jvm.dll
0x00007ffbd7910000 - 0x00007ffbd79b3000 	C:\Windows\System32\ADVAPI32.dll
0x00007ffbd96b0000 - 0x00007ffbd9747000 	C:\Windows\System32\sechost.dll
0x00007ffbd9750000 - 0x00007ffbd9758000 	C:\Windows\System32\PSAPI.DLL
0x00007ffbd0500000 - 0x00007ffbd050a000 	C:\Windows\SYSTEM32\VERSION.dll
0x00007ffbc39e0000 - 0x00007ffbc3a04000 	C:\Windows\SYSTEM32\WINMM.dll
0x00007ffbcf080000 - 0x00007ffbcf089000 	C:\Windows\SYSTEM32\WSOCK32.dll
0x00007ffbd94c0000 - 0x00007ffbd952f000 	C:\Windows\System32\WS2_32.dll
0x00007ffbcb3f0000 - 0x00007ffbcb41d000 	C:\Windows\SYSTEM32\winmmbase.dll
0x00007ffbd76a0000 - 0x00007ffbd76ea000 	C:\Windows\System32\cfgmgr32.dll
0x00007ffbd6700000 - 0x00007ffbd6711000 	C:\Windows\System32\kernel.appcore.dll
0x00007ffbce610000 - 0x00007ffbce61a000 	C:\Users\casqu\.p2\pool\plugins\org.eclipse.justj.openjdk.hotspot.jre.full.win32.x86_64_14.0.2.v20200815-0932\jre\bin\jimage.dll
0x00007ffbd4f40000 - 0x00007ffbd5134000 	C:\Windows\SYSTEM32\DBGHELP.DLL
0x00007ffbcfe10000 - 0x00007ffbcfe3a000 	C:\Windows\SYSTEM32\dbgcore.DLL
0x00007ffba67d0000 - 0x00007ffba67f5000 	C:\Users\casqu\.p2\pool\plugins\org.eclipse.justj.openjdk.hotspot.jre.full.win32.x86_64_14.0.2.v20200815-0932\jre\bin\java.dll
0x00007ffbb4b80000 - 0x00007ffbb4b96000 	C:\Users\casqu\.p2\pool\plugins\org.eclipse.justj.openjdk.hotspot.jre.full.win32.x86_64_14.0.2.v20200815-0932\jre\bin\zip.dll
0x00007ffbd7c80000 - 0x00007ffbd8368000 	C:\Windows\System32\SHELL32.dll
0x00007ffbd7860000 - 0x00007ffbd7907000 	C:\Windows\System32\shcore.dll
0x00007ffbd6870000 - 0x00007ffbd6feb000 	C:\Windows\System32\windows.storage.dll
0x00007ffbd66b0000 - 0x00007ffbd66d3000 	C:\Windows\System32\profapi.dll
0x00007ffbd6660000 - 0x00007ffbd66aa000 	C:\Windows\System32\powrprof.dll
0x00007ffbd6650000 - 0x00007ffbd6660000 	C:\Windows\System32\UMPDC.dll
0x00007ffbd8aa0000 - 0x00007ffbd8af2000 	C:\Windows\System32\shlwapi.dll
0x00007ffbd7530000 - 0x00007ffbd7547000 	C:\Windows\System32\cryptsp.dll
0x00007ffbb3aa0000 - 0x00007ffbb3ab9000 	C:\Users\casqu\.p2\pool\plugins\org.eclipse.justj.openjdk.hotspot.jre.full.win32.x86_64_14.0.2.v20200815-0932\jre\bin\net.dll
0x00007ffbd0690000 - 0x00007ffbd0780000 	C:\Windows\SYSTEM32\WINHTTP.dll
0x00007ffbd5e90000 - 0x00007ffbd5ef7000 	C:\Windows\system32\mswsock.dll
0x00007ffbb2cc0000 - 0x00007ffbb2cd2000 	C:\Users\casqu\.p2\pool\plugins\org.eclipse.justj.openjdk.hotspot.jre.full.win32.x86_64_14.0.2.v20200815-0932\jre\bin\nio.dll
0x00007ffb9bce0000 - 0x00007ffb9be78000 	C:\Users\casqu\.p2\pool\plugins\org.eclipse.justj.openjdk.hotspot.jre.full.win32.x86_64_14.0.2.v20200815-0932\jre\bin\awt.dll
0x00007ffbd89d0000 - 0x00007ffbd8a95000 	C:\Windows\System32\OLEAUT32.dll
0x00007ffbd4410000 - 0x00007ffbd449f000 	C:\Windows\SYSTEM32\apphelp.dll
0x00007ffbd5a10000 - 0x00007ffbd5a43000 	C:\Windows\system32\rsaenh.dll
0x00007ffbd76f0000 - 0x00007ffbd7716000 	C:\Windows\System32\bcrypt.dll
0x00007ffbd6570000 - 0x00007ffbd6595000 	C:\Windows\SYSTEM32\USERENV.dll
0x00007ffbd6060000 - 0x00007ffbd606c000 	C:\Windows\SYSTEM32\CRYPTBASE.dll
0x00007ffbd5ba0000 - 0x00007ffbd5bda000 	C:\Windows\SYSTEM32\IPHLPAPI.DLL
0x00007ffbd8940000 - 0x00007ffbd8948000 	C:\Windows\System32\NSI.dll
0x00007ffbcf750000 - 0x00007ffbcf766000 	C:\Windows\SYSTEM32\dhcpcsvc6.DLL
0x00007ffbd0190000 - 0x00007ffbd01ac000 	C:\Windows\SYSTEM32\dhcpcsvc.DLL
0x00007ffbd5be0000 - 0x00007ffbd5cab000 	C:\Windows\SYSTEM32\DNSAPI.dll
0x00007ffbd4a20000 - 0x00007ffbd4a4d000 	C:\Windows\system32\DWMAPI.DLL
0x00007ffbd4550000 - 0x00007ffbd45e9000 	C:\Windows\system32\uxtheme.dll
0x00007ffbd86c0000 - 0x00007ffbd87f5000 	C:\Windows\System32\MSCTF.dll
0x00007ffbd8ff0000 - 0x00007ffbd9147000 	C:\Windows\System32\ole32.dll
0x00007ffb92970000 - 0x00007ffb92ac6000 	C:\Windows\system32\opengl32.dll
0x00007ffbcf090000 - 0x00007ffbcf0bc000 	C:\Windows\SYSTEM32\GLU32.dll
0x00007ffbd5290000 - 0x00007ffbd52b0000 	C:\Windows\SYSTEM32\dxcore.dll
0x00007ffbd66e0000 - 0x00007ffbd66f2000 	C:\Windows\System32\msasn1.dll
0x00007ffbd03e0000 - 0x00007ffbd040f000 	C:\Windows\SYSTEM32\cryptnet.dll
0x00007ffbd6720000 - 0x00007ffbd686a000 	C:\Windows\System32\CRYPT32.dll
0x00007ffbd74d0000 - 0x00007ffbd752c000 	C:\Windows\System32\WINTRUST.DLL
0x00007ffbd8800000 - 0x00007ffbd881d000 	C:\Windows\System32\imagehlp.dll
0x00007ffba7f20000 - 0x00007ffba81e4000 	C:\Windows\system32\nvspcap64.dll
0x00007ffbd5690000 - 0x00007ffbd56c1000 	C:\Windows\SYSTEM32\ntmarta.dll
0x00007ffbd5240000 - 0x00007ffbd5262000 	C:\Windows\SYSTEM32\gpapi.dll
0x00007ffba68a0000 - 0x00007ffba6922000 	C:\Users\casqu\.p2\pool\plugins\org.eclipse.justj.openjdk.hotspot.jre.full.win32.x86_64_14.0.2.v20200815-0932\jre\bin\freetype.dll
0x00007ffba2370000 - 0x00007ffba2416000 	C:\Users\casqu\.p2\pool\plugins\org.eclipse.justj.openjdk.hotspot.jre.full.win32.x86_64_14.0.2.v20200815-0932\jre\bin\fontmanager.dll
0x00007ffbcb630000 - 0x00007ffbcb6cd000 	C:\Windows\System32\TextInputFramework.dll
0x00007ffbc2320000 - 0x00007ffbc264a000 	C:\Windows\System32\CoreUIComponents.dll
0x00007ffbd3e90000 - 0x00007ffbd3f64000 	C:\Windows\System32\CoreMessaging.dll
0x00007ffbd24c0000 - 0x00007ffbd2612000 	C:\Windows\SYSTEM32\wintypes.dll
0x00007ffbd1680000 - 0x00007ffbd1691000 	C:\Users\casqu\.p2\pool\plugins\org.eclipse.justj.openjdk.hotspot.jre.full.win32.x86_64_14.0.2.v20200815-0932\jre\bin\jsound.dll
0x00007ffba6800000 - 0x00007ffba6899000 	C:\Windows\SYSTEM32\DSOUND.dll
0x00007ffbd7b60000 - 0x00007ffbd7c02000 	C:\Windows\System32\clbcatq.dll
0x00007ffbcf160000 - 0x00007ffbcf1d2000 	C:\Windows\System32\MMDevApi.dll
0x00007ffbd6430000 - 0x00007ffbd645a000 	C:\Windows\System32\DEVOBJ.dll
0x00007ffbc5910000 - 0x00007ffbc5bb7000 	C:\Windows\System32\iertutil.dll
0x00007ffbd1e50000 - 0x00007ffbd1e94000 	C:\Windows\SYSTEM32\wdmaud.drv
0x00007ffbd2100000 - 0x00007ffbd2109000 	C:\Windows\SYSTEM32\ksuser.dll
0x00007ffbd16b0000 - 0x00007ffbd16ba000 	C:\Windows\SYSTEM32\AVRT.dll
0x00007ffbcd8c0000 - 0x00007ffbcda1d000 	C:\Windows\SYSTEM32\AUDIOSES.DLL
0x00007ffbd1e40000 - 0x00007ffbd1e4d000 	C:\Windows\SYSTEM32\msacm32.drv
0x00007ffbd1e20000 - 0x00007ffbd1e3c000 	C:\Windows\SYSTEM32\MSACM32.dll
0x00007ffbd1e10000 - 0x00007ffbd1e1a000 	C:\Windows\SYSTEM32\midimap.dll
0x00007ffbd4930000 - 0x00007ffbd4944000 	C:\Windows\SYSTEM32\resourcepolicyclient.dll
0x00007ffbbdec0000 - 0x00007ffbbe009000 	C:\Windows\System32\Windows.UI.dll
0x00007ffbbd270000 - 0x00007ffbbd38c000 	C:\Windows\System32\InputHost.dll
0x00007ffbd2ce0000 - 0x00007ffbd2dd0000 	C:\Windows\System32\PROPSYS.dll

dbghelp: loaded successfully - version: 4.0.5 - missing functions: none
symbol engine: initialized successfully - sym options: 0x614 - pdb path: .;C:\Users\casqu\.p2\pool\plugins\org.eclipse.justj.openjdk.hotspot.jre.full.win32.x86_64_14.0.2.v20200815-0932\jre\bin;C:\Windows\SYSTEM32;C:\Windows\WinSxS\amd64_microsoft.windows.common-controls_6595b64144ccf1df_6.0.18362.1316_none_9e7a364fe461dbd7;C:\Users\casqu\.p2\pool\plugins\org.eclipse.justj.openjdk.hotspot.jre.full.win32.x86_64_14.0.2.v20200815-0932\jre\bin\server;C:\Windows\System32\DriverStore\FileRepository\nvae.inf_amd64_fbd7258992ad0f0c

VM Arguments:
jvm_args: -Dfile.encoding=Cp1252 -XX:+ShowCodeDetailsInExceptionMessages 
java_command: com.sunsigne.rebeccasreleasing.toclean.rebuild.onlyconductortorebuild.Game
java_class_path (initial): C:\Users\casqu\git\RebeccasReleasing\RebeccasReleasing\bin;C:\Users\casqu\git\RebeccasReleasing\RebeccasReleasing\ressources;C:\Users\casqu\.p2\pool\plugins\org.junit.jupiter.api_5.6.0.v20200203-2009.jar;C:\Users\casqu\.p2\pool\plugins\org.junit.jupiter.engine_5.6.0.v20200203-2009.jar;C:\Users\casqu\.p2\pool\plugins\org.junit.jupiter.migrationsupport_5.6.0.v20200203-2009.jar;C:\Users\casqu\.p2\pool\plugins\org.junit.jupiter.params_5.6.0.v20200203-2009.jar;C:\Users\casqu\.p2\pool\plugins\org.junit.platform.commons_1.6.0.v20200203-2009.jar;C:\Users\casqu\.p2\pool\plugins\org.junit.platform.engine_1.6.0.v20200203-2009.jar;C:\Users\casqu\.p2\pool\plugins\org.junit.platform.launcher_1.6.0.v20200203-2009.jar;C:\Users\casqu\.p2\pool\plugins\org.junit.platform.runner_1.6.0.v20200203-2009.jar;C:\Users\casqu\.p2\pool\plugins\org.junit.platform.suite.api_1.6.0.v20200203-2009.jar;C:\Users\casqu\.p2\pool\plugins\org.junit.vintage.engine_5.6.0.v20200203-2009.jar;C:\Users\casqu\.p2\pool\plugins\org.opentest4j_1.2.0.v20190826-0900.jar;C:\Users\casqu\.p2\pool\plugins\org.apiguardian_1.1.0.v20190826-0900.jar;C:\Users\casqu\.p2\pool\plugins\org.junit_4.13.0.v20200204-1500.jar;C:\Users\casqu\.p2\pool\plugins\org.hamcrest.core_1.3.0.v20180420-1519.jar
Launcher Type: SUN_STANDARD

[Global flags]
     intx CICompilerCount                          = 4                                         {product} {ergonomic}
     uint ConcGCThreads                            = 3                                         {product} {ergonomic}
     uint G1ConcRefinementThreads                  = 10                                        {product} {ergonomic}
   size_t G1HeapRegionSize                         = 1048576                                   {product} {ergonomic}
    uintx GCDrainStackTargetSize                   = 64                                        {product} {ergonomic}
   size_t InitialHeapSize                          = 268435456                                 {product} {ergonomic}
   size_t MarkStackSize                            = 4194304                                   {product} {ergonomic}
   size_t MaxHeapSize                              = 4271898624                                {product} {ergonomic}
   size_t MaxNewSize                               = 2562719744                                {product} {ergonomic}
   size_t MinHeapDeltaBytes                        = 1048576                                   {product} {ergonomic}
   size_t MinHeapSize                              = 8388608                                   {product} {ergonomic}
    uintx NonNMethodCodeHeapSize                   = 5839372                                {pd product} {ergonomic}
    uintx NonProfiledCodeHeapSize                  = 122909434                              {pd product} {ergonomic}
    uintx ProfiledCodeHeapSize                     = 122909434                              {pd product} {ergonomic}
    uintx ReservedCodeCacheSize                    = 251658240                              {pd product} {ergonomic}
     bool SegmentedCodeCache                       = true                                      {product} {ergonomic}
     bool ShowCodeDetailsInExceptionMessages       = true                                   {manageable} {command line}
   size_t SoftMaxHeapSize                          = 4271898624                             {manageable} {ergonomic}
     bool UseCompressedClassPointers               = true                                 {lp64_product} {ergonomic}
     bool UseCompressedOops                        = true                                 {lp64_product} {ergonomic}
     bool UseG1GC                                  = true                                      {product} {ergonomic}
     bool UseLargePagesIndividualAllocation        = false                                  {pd product} {ergonomic}

Logging:
Log output configuration:
 #0: stdout all=warning uptime,level,tags
 #1: stderr all=off uptime,level,tags

Environment Variables:
PATH=C:/Users/casqu/.p2/pool/plugins/org.eclipse.justj.openjdk.hotspot.jre.full.win32.x86_64_14.0.2.v20200815-0932/jre/bin/server;C:/Users/casqu/.p2/pool/plugins/org.eclipse.justj.openjdk.hotspot.jre.full.win32.x86_64_14.0.2.v20200815-0932/jre/bin;C:\Program Files\AdoptOpenJDK\jdk-8.0.275.1-hotspot\bin;C:\Program Files (x86)\Common Files\Intel\Shared Libraries\redist\intel64\compiler;C:\Windows\system32;C:\Windows;C:\Windows\System32\Wbem;C:\Windows\System32\WindowsPowerShell\v1.0\;C:\Windows\System32\OpenSSH\;C:\Program Files (x86)\NVIDIA Corporation\PhysX\Common;C:\Program Files\NVIDIA Corporation\NVIDIA NvDLISR;C:\Program Files (x86)\QuickTime\QTSystem\;C:\Program Files\MySQL\MySQL Server 8.0\bin;C:\Users\casqu\AppData\Local\Microsoft\WindowsApps;;C:\Users\casqu\OneDrive\Bureau\codage;
USERNAME=casqu
OS=Windows_NT
PROCESSOR_IDENTIFIER=Intel64 Family 6 Model 165 Stepping 3, GenuineIntel



---------------  S Y S T E M  ---------------

OS: Windows 10 , 64 bit Build 18362 (10.0.18362.1316)
OS uptime: 8 days 3:19 hours

CPU:total 12 (initial active 12) (6 cores per cpu, 2 threads per core) family 6 model 165 stepping 3, cmov, cx8, fxsr, mmx, sse, sse2, sse3, ssse3, sse4.1, sse4.2, popcnt, avx, avx2, clmul, erms, 3dnowpref, lzcnt, ht, tsc, tscinvbit, bmi1, bmi2, adx, fma

Memory: 4k page, system-wide physical 16291M (9878M free)
TotalPageFile size 19619M (AvailPageFile size 10026M)
current process WorkingSet (physical memory assigned to process): 329M, peak: 437M
current process commit charge ("private bytes"): 567M, peak: 672M

vm_info: OpenJDK 64-Bit Server VM (14.0.2+12-46) for windows-amd64 JRE (14.0.2+12-46), built on Jul  9 2020 00:31:16 by "mach5one" with MS VC++ 15.9 (VS2017)

END.
